<?xml version="1.0" encoding="UTF-8"?>
<testsuite xmlns:xsi="http://www.w3.org/2001/XMLSchema-instance" xsi:noNamespaceSchemaLocation="https://maven.apache.org/surefire/maven-surefire-plugin/xsd/surefire-test-report-3.0.xsd" version="3.0" name="TestSuite" time="9.583" tests="271" errors="0" skipped="268" failures="3">
  <properties>
[...]
</properties>
  <testcase name="intitailizeBrowser" classname="com.atmecs.testScripts.HomePagetestscripts" time="3.82">
    <failure message="Unable to find a matching set of capabilities&#10;Build info: version: &apos;3.141.59&apos;, revision: &apos;e82be7d358&apos;, time: &apos;2018-11-14T08:25:53&apos;&#10;System info: host: &apos;ATMECSINLT-038&apos;, ip: &apos;55.55.52.193&apos;, os.name: &apos;Windows 10&apos;, os.arch: &apos;amd64&apos;, os.version: &apos;10.0&apos;, java.version: &apos;12.0.1&apos;&#10;Driver info: driver.version: unknown&#10;remote stacktrace: &#10;Command duration or timeout: 1.18 seconds" type="org.openqa.selenium.SessionNotCreatedException">org.openqa.selenium.SessionNotCreatedException: 
Unable to find a matching set of capabilities
Build info: version: '3.141.59', revision: 'e82be7d358', time: '2018-11-14T08:25:53'
System info: host: 'ATMECSINLT-038', ip: '55.55.52.193', os.name: 'Windows 10', os.arch: 'amd64', os.version: '10.0', java.version: '12.0.1'
Driver info: driver.version: unknown
remote stacktrace: 
Command duration or timeout: 1.18 seconds
Caused by: org.openqa.selenium.SessionNotCreatedException: 
Unable to find a matching set of capabilities
Build info: version: '3.141.59', revision: 'e82be7d358', time: '2018-11-14T08:25:53'
System info: host: 'ATMECSINLT-038', ip: '55.55.52.193', os.name: 'Windows 10', os.arch: 'amd64', os.version: '10.0', java.version: '12.0.1'
Driver info: driver.version: unknown
remote stacktrace: 
Build info: version: '3.141.59', revision: 'e82be7d358', time: '2018-11-14T08:17:03'
System info: host: 'ATMECSINLT-038', ip: '55.55.52.193', os.name: 'Windows 10', os.arch: 'amd64', os.version: '10.0', java.version: '12.0.1'
Driver info: driver.version: unknown
</failure>
    <system-out><![CDATA[Grid connection
]]></system-out>
  </testcase>
  <testcase name="homePageRedirection" classname="com.atmecs.testScripts.HomePagetestscripts" time="0">
    <skipped message="Unable to find a matching set of capabilities&#10;Build info: version: &apos;3.141.59&apos;, revision: &apos;e82be7d358&apos;, time: &apos;2018-11-14T08:25:53&apos;&#10;System info: host: &apos;ATMECSINLT-038&apos;, ip: &apos;55.55.52.193&apos;, os.name: &apos;Windows 10&apos;, os.arch: &apos;amd64&apos;, os.version: &apos;10.0&apos;, java.version: &apos;12.0.1&apos;&#10;Driver info: driver.version: unknown&#10;remote stacktrace: &#10;Command duration or timeout: 1.18 seconds"/>
  </testcase>
  <testcase name="tearDown" classname="com.atmecs.testScripts.HomePagetestscripts" time="0">
    <skipped/>
  </testcase>
  <testcase name="tearDown" classname="com.atmecs.testScripts.HomePagetestscripts" time="0">
    <skipped/>
  </testcase>
  <testcase name="tearDown" classname="com.atmecs.testScripts.HomePagetestscripts" time="0">
    <skipped/>
  </testcase>
  <testcase name="tearDown" classname="com.atmecs.testScripts.HomePagetestscripts" time="0">
    <skipped/>
  </testcase>
  <testcase name="tearDown" classname="com.atmecs.testScripts.HomePagetestscripts" time="0">
    <skipped/>
  </testcase>
  <testcase name="tearDown" classname="com.atmecs.testScripts.HomePagetestscripts" time="0">
    <skipped/>
  </testcase>
  <testcase name="tearDown" classname="com.atmecs.testScripts.HomePagetestscripts" time="0">
    <skipped/>
  </testcase>
  <testcase name="tearDown" classname="com.atmecs.testScripts.HomePagetestscripts" time="0">
    <skipped/>
  </testcase>
  <testcase name="tearDown" classname="com.atmecs.testScripts.HomePagetestscripts" time="0">
    <skipped/>
  </testcase>
  <testcase name="tearDown" classname="com.atmecs.testScripts.HomePagetestscripts" time="0">
    <skipped/>
  </testcase>
  <testcase name="tearDown" classname="com.atmecs.testScripts.HomePagetestscripts" time="0">
    <skipped/>
  </testcase>
  <testcase name="tearDown" classname="com.atmecs.testScripts.HomePagetestscripts" time="0">
    <skipped/>
  </testcase>
  <testcase name="tearDown" classname="com.atmecs.testScripts.HomePagetestscripts" time="0">
    <skipped/>
  </testcase>
  <testcase name="tearDown" classname="com.atmecs.testScripts.HomePagetestscripts" time="0">
    <skipped/>
  </testcase>
  <testcase name="tearDown" classname="com.atmecs.testScripts.HomePagetestscripts" time="0">
    <skipped/>
  </testcase>
  <testcase name="tearDown" classname="com.atmecs.testScripts.HomePagetestscripts" time="0">
    <skipped/>
  </testcase>
  <testcase name="tearDown" classname="com.atmecs.testScripts.HomePagetestscripts" time="0">
    <skipped/>
  </testcase>
  <testcase name="tearDown" classname="com.atmecs.testScripts.HomePagetestscripts" time="0">
    <skipped/>
  </testcase>
  <testcase name="tearDown" classname="com.atmecs.testScripts.HomePagetestscripts" time="0">
    <skipped/>
  </testcase>
  <testcase name="tearDown" classname="com.atmecs.testScripts.HomePagetestscripts" time="0">
    <skipped/>
  </testcase>
  <testcase name="tearDown" classname="com.atmecs.testScripts.HomePagetestscripts" time="0">
    <skipped/>
  </testcase>
  <testcase name="tearDown" classname="com.atmecs.testScripts.HomePagetestscripts" time="0">
    <skipped/>
  </testcase>
  <testcase name="tearDown" classname="com.atmecs.testScripts.HomePagetestscripts" time="0">
    <skipped/>
  </testcase>
  <testcase name="tearDown" classname="com.atmecs.testScripts.HomePagetestscripts" time="0">
    <skipped/>
  </testcase>
  <testcase name="tearDown" classname="com.atmecs.testScripts.HomePagetestscripts" time="0">
    <skipped/>
  </testcase>
  <testcase name="tearDown" classname="com.atmecs.testScripts.HomePagetestscripts" time="0">
    <skipped/>
  </testcase>
  <testcase name="tearDown" classname="com.atmecs.testScripts.HomePagetestscripts" time="0">
    <skipped/>
  </testcase>
  <testcase name="tearDown" classname="com.atmecs.testScripts.HomePagetestscripts" time="0">
    <skipped/>
  </testcase>
  <testcase name="tearDown" classname="com.atmecs.testScripts.HomePagetestscripts" time="0">
    <skipped/>
  </testcase>
  <testcase name="tearDown" classname="com.atmecs.testScripts.HomePagetestscripts" time="0">
    <skipped/>
  </testcase>
  <testcase name="tearDown" classname="com.atmecs.testScripts.HomePagetestscripts" time="0">
    <skipped/>
  </testcase>
  <testcase name="tearDown" classname="com.atmecs.testScripts.HomePagetestscripts" time="0">
    <skipped/>
  </testcase>
  <testcase name="tearDown" classname="com.atmecs.testScripts.HomePagetestscripts" time="0">
    <skipped/>
  </testcase>
  <testcase name="tearDown" classname="com.atmecs.testScripts.HomePagetestscripts" time="0">
    <skipped/>
  </testcase>
  <testcase name="tearDown" classname="com.atmecs.testScripts.HomePagetestscripts" time="0">
    <skipped/>
  </testcase>
  <testcase name="tearDown" classname="com.atmecs.testScripts.HomePagetestscripts" time="0">
    <skipped/>
  </testcase>
  <testcase name="tearDown" classname="com.atmecs.testScripts.HomePagetestscripts" time="0">
    <skipped/>
  </testcase>
  <testcase name="tearDown" classname="com.atmecs.testScripts.HomePagetestscripts" time="0">
    <skipped/>
  </testcase>
  <testcase name="tearDown" classname="com.atmecs.testScripts.HomePagetestscripts" time="0">
    <skipped/>
  </testcase>
  <testcase name="tearDown" classname="com.atmecs.testScripts.HomePagetestscripts" time="0">
    <skipped/>
  </testcase>
  <testcase name="tearDown" classname="com.atmecs.testScripts.HomePagetestscripts" time="0">
    <skipped/>
  </testcase>
  <testcase name="tearDown" classname="com.atmecs.testScripts.HomePagetestscripts" time="0">
    <skipped/>
  </testcase>
  <testcase name="tearDown" classname="com.atmecs.testScripts.HomePagetestscripts" time="0">
    <skipped/>
  </testcase>
  <testcase name="tearDown" classname="com.atmecs.testScripts.HomePagetestscripts" time="0">
    <skipped/>
  </testcase>
  <testcase name="tearDown" classname="com.atmecs.testScripts.HomePagetestscripts" time="0">
    <skipped/>
  </testcase>
  <testcase name="tearDown" classname="com.atmecs.testScripts.HomePagetestscripts" time="0">
    <skipped/>
  </testcase>
  <testcase name="tearDown" classname="com.atmecs.testScripts.HomePagetestscripts" time="0">
    <skipped/>
  </testcase>
  <testcase name="tearDown" classname="com.atmecs.testScripts.HomePagetestscripts" time="0">
    <skipped/>
  </testcase>
  <testcase name="tearDown" classname="com.atmecs.testScripts.HomePagetestscripts" time="0">
    <skipped/>
  </testcase>
  <testcase name="tearDown" classname="com.atmecs.testScripts.HomePagetestscripts" time="0">
    <skipped/>
  </testcase>
  <testcase name="tearDown" classname="com.atmecs.testScripts.HomePagetestscripts" time="0">
    <skipped/>
  </testcase>
  <testcase name="tearDown" classname="com.atmecs.testScripts.HomePagetestscripts" time="0">
    <skipped/>
  </testcase>
  <testcase name="tearDown" classname="com.atmecs.testScripts.HomePagetestscripts" time="0">
    <skipped/>
  </testcase>
  <testcase name="tearDown" classname="com.atmecs.testScripts.HomePagetestscripts" time="0">
    <skipped/>
  </testcase>
  <testcase name="tearDown" classname="com.atmecs.testScripts.HomePagetestscripts" time="0">
    <skipped/>
  </testcase>
  <testcase name="tearDown" classname="com.atmecs.testScripts.HomePagetestscripts" time="0">
    <skipped/>
  </testcase>
  <testcase name="tearDown" classname="com.atmecs.testScripts.HomePagetestscripts" time="0">
    <skipped/>
  </testcase>
  <testcase name="tearDown" classname="com.atmecs.testScripts.HomePagetestscripts" time="0">
    <skipped/>
  </testcase>
  <testcase name="tearDown" classname="com.atmecs.testScripts.HomePagetestscripts" time="0">
    <skipped/>
  </testcase>
  <testcase name="tearDown" classname="com.atmecs.testScripts.HomePagetestscripts" time="0">
    <skipped/>
  </testcase>
  <testcase name="tearDown" classname="com.atmecs.testScripts.HomePagetestscripts" time="0">
    <skipped/>
  </testcase>
  <testcase name="tearDown" classname="com.atmecs.testScripts.HomePagetestscripts" time="0">
    <skipped/>
  </testcase>
  <testcase name="tearDown" classname="com.atmecs.testScripts.HomePagetestscripts" time="0">
    <skipped/>
  </testcase>
  <testcase name="tearDown" classname="com.atmecs.testScripts.HomePagetestscripts" time="0">
    <skipped/>
  </testcase>
  <testcase name="tearDown" classname="com.atmecs.testScripts.HomePagetestscripts" time="0">
    <skipped/>
  </testcase>
  <testcase name="tearDown" classname="com.atmecs.testScripts.HomePagetestscripts" time="0">
    <skipped/>
  </testcase>
  <testcase name="tearDown" classname="com.atmecs.testScripts.HomePagetestscripts" time="0">
    <skipped/>
  </testcase>
  <testcase name="tearDown" classname="com.atmecs.testScripts.HomePagetestscripts" time="0">
    <skipped/>
  </testcase>
  <testcase name="tearDown" classname="com.atmecs.testScripts.HomePagetestscripts" time="0">
    <skipped/>
  </testcase>
  <testcase name="tearDown" classname="com.atmecs.testScripts.HomePagetestscripts" time="0">
    <skipped/>
  </testcase>
  <testcase name="tearDown" classname="com.atmecs.testScripts.HomePagetestscripts" time="0">
    <skipped/>
  </testcase>
  <testcase name="tearDown" classname="com.atmecs.testScripts.HomePagetestscripts" time="0">
    <skipped/>
  </testcase>
  <testcase name="tearDown" classname="com.atmecs.testScripts.HomePagetestscripts" time="0">
    <skipped/>
  </testcase>
  <testcase name="tearDown" classname="com.atmecs.testScripts.HomePagetestscripts" time="0">
    <skipped/>
  </testcase>
  <testcase name="tearDown" classname="com.atmecs.testScripts.HomePagetestscripts" time="0">
    <skipped/>
  </testcase>
  <testcase name="tearDown" classname="com.atmecs.testScripts.HomePagetestscripts" time="0">
    <skipped/>
  </testcase>
  <testcase name="tearDown" classname="com.atmecs.testScripts.HomePagetestscripts" time="0">
    <skipped/>
  </testcase>
  <testcase name="tearDown" classname="com.atmecs.testScripts.HomePagetestscripts" time="0">
    <skipped/>
  </testcase>
  <testcase name="tearDown" classname="com.atmecs.testScripts.HomePagetestscripts" time="0">
    <skipped/>
  </testcase>
  <testcase name="tearDown" classname="com.atmecs.testScripts.HomePagetestscripts" time="0">
    <skipped/>
  </testcase>
  <testcase name="tearDown" classname="com.atmecs.testScripts.HomePagetestscripts" time="0">
    <skipped/>
  </testcase>
  <testcase name="tearDown" classname="com.atmecs.testScripts.HomePagetestscripts" time="0">
    <skipped/>
  </testcase>
  <testcase name="tearDown" classname="com.atmecs.testScripts.HomePagetestscripts" time="0">
    <skipped/>
  </testcase>
  <testcase name="tearDown" classname="com.atmecs.testScripts.HomePagetestscripts" time="0">
    <skipped/>
  </testcase>
  <testcase name="tearDown" classname="com.atmecs.testScripts.HomePagetestscripts" time="0">
    <skipped/>
  </testcase>
  <testcase name="tearDown" classname="com.atmecs.testScripts.HomePagetestscripts" time="0">
    <skipped/>
  </testcase>
  <testcase name="tearDown" classname="com.atmecs.testScripts.HomePagetestscripts" time="0">
    <skipped/>
  </testcase>
  <testcase name="tearDown" classname="com.atmecs.testScripts.HomePagetestscripts" time="0">
    <skipped/>
  </testcase>
  <testcase name="tearDown" classname="com.atmecs.testScripts.HomePagetestscripts" time="0">
    <skipped/>
  </testcase>
  <testcase name="tearDown" classname="com.atmecs.testScripts.HomePagetestscripts" time="0">
    <skipped/>
  </testcase>
  <testcase name="tearDown" classname="com.atmecs.testScripts.HomePagetestscripts" time="0">
    <skipped/>
  </testcase>
  <testcase name="tearDown" classname="com.atmecs.testScripts.HomePagetestscripts" time="0">
    <skipped/>
  </testcase>
  <testcase name="tearDown" classname="com.atmecs.testScripts.HomePagetestscripts" time="0">
    <skipped/>
  </testcase>
  <testcase name="tearDown" classname="com.atmecs.testScripts.HomePagetestscripts" time="0">
    <skipped/>
  </testcase>
  <testcase name="tearDown" classname="com.atmecs.testScripts.HomePagetestscripts" time="0">
    <skipped/>
  </testcase>
  <testcase name="tearDown" classname="com.atmecs.testScripts.HomePagetestscripts" time="0">
    <skipped/>
  </testcase>
  <testcase name="tearDown" classname="com.atmecs.testScripts.HomePagetestscripts" time="0">
    <skipped/>
  </testcase>
  <testcase name="tearDown" classname="com.atmecs.testScripts.HomePagetestscripts" time="0">
    <skipped/>
  </testcase>
  <testcase name="tearDown" classname="com.atmecs.testScripts.HomePagetestscripts" time="0">
    <skipped/>
  </testcase>
  <testcase name="tearDown" classname="com.atmecs.testScripts.HomePagetestscripts" time="0">
    <skipped/>
  </testcase>
  <testcase name="tearDown" classname="com.atmecs.testScripts.HomePagetestscripts" time="0">
    <skipped/>
  </testcase>
  <testcase name="tearDown" classname="com.atmecs.testScripts.HomePagetestscripts" time="0">
    <skipped/>
  </testcase>
  <testcase name="tearDown" classname="com.atmecs.testScripts.HomePagetestscripts" time="0">
    <skipped/>
  </testcase>
  <testcase name="tearDown" classname="com.atmecs.testScripts.HomePagetestscripts" time="0">
    <skipped/>
  </testcase>
  <testcase name="tearDown" classname="com.atmecs.testScripts.HomePagetestscripts" time="0">
    <skipped/>
  </testcase>
  <testcase name="tearDown" classname="com.atmecs.testScripts.HomePagetestscripts" time="0">
    <skipped/>
  </testcase>
  <testcase name="tearDown" classname="com.atmecs.testScripts.HomePagetestscripts" time="0">
    <skipped/>
  </testcase>
  <testcase name="tearDown" classname="com.atmecs.testScripts.HomePagetestscripts" time="0">
    <skipped/>
  </testcase>
  <testcase name="tearDown" classname="com.atmecs.testScripts.HomePagetestscripts" time="0">
    <skipped/>
  </testcase>
  <testcase name="tearDown" classname="com.atmecs.testScripts.HomePagetestscripts" time="0">
    <skipped/>
  </testcase>
  <testcase name="tearDown" classname="com.atmecs.testScripts.HomePagetestscripts" time="0">
    <skipped/>
  </testcase>
  <testcase name="tearDown" classname="com.atmecs.testScripts.HomePagetestscripts" time="0">
    <skipped/>
  </testcase>
  <testcase name="tearDown" classname="com.atmecs.testScripts.HomePagetestscripts" time="0">
    <skipped/>
  </testcase>
  <testcase name="clickHeaderServices" classname="com.atmecs.testScripts.HomePagetestscripts" time="0">
    <skipped message="Unable to find a matching set of capabilities&#10;Build info: version: &apos;3.141.59&apos;, revision: &apos;e82be7d358&apos;, time: &apos;2018-11-14T08:25:53&apos;&#10;System info: host: &apos;ATMECSINLT-038&apos;, ip: &apos;55.55.52.193&apos;, os.name: &apos;Windows 10&apos;, os.arch: &apos;amd64&apos;, os.version: &apos;10.0&apos;, java.version: &apos;12.0.1&apos;&#10;Driver info: driver.version: unknown&#10;remote stacktrace: &#10;Command duration or timeout: 1.18 seconds"/>
  </testcase>
  <testcase name="validatefooterForServices" classname="com.atmecs.testScripts.HomePagetestscripts" time="0">
    <skipped message="Unable to find a matching set of capabilities&#10;Build info: version: &apos;3.141.59&apos;, revision: &apos;e82be7d358&apos;, time: &apos;2018-11-14T08:25:53&apos;&#10;System info: host: &apos;ATMECSINLT-038&apos;, ip: &apos;55.55.52.193&apos;, os.name: &apos;Windows 10&apos;, os.arch: &apos;amd64&apos;, os.version: &apos;10.0&apos;, java.version: &apos;12.0.1&apos;&#10;Driver info: driver.version: unknown&#10;remote stacktrace: &#10;Command duration or timeout: 1.18 seconds"/>
    <system-out><![CDATA[15
1
]]></system-out>
  </testcase>
  <testcase name="validatefooterForServices" classname="com.atmecs.testScripts.HomePagetestscripts" time="0">
    <skipped message="Unable to find a matching set of capabilities&#10;Build info: version: &apos;3.141.59&apos;, revision: &apos;e82be7d358&apos;, time: &apos;2018-11-14T08:25:53&apos;&#10;System info: host: &apos;ATMECSINLT-038&apos;, ip: &apos;55.55.52.193&apos;, os.name: &apos;Windows 10&apos;, os.arch: &apos;amd64&apos;, os.version: &apos;10.0&apos;, java.version: &apos;12.0.1&apos;&#10;Driver info: driver.version: unknown&#10;remote stacktrace: &#10;Command duration or timeout: 1.18 seconds"/>
  </testcase>
  <testcase name="validatefooterForServices" classname="com.atmecs.testScripts.HomePagetestscripts" time="0">
    <skipped message="Unable to find a matching set of capabilities&#10;Build info: version: &apos;3.141.59&apos;, revision: &apos;e82be7d358&apos;, time: &apos;2018-11-14T08:25:53&apos;&#10;System info: host: &apos;ATMECSINLT-038&apos;, ip: &apos;55.55.52.193&apos;, os.name: &apos;Windows 10&apos;, os.arch: &apos;amd64&apos;, os.version: &apos;10.0&apos;, java.version: &apos;12.0.1&apos;&#10;Driver info: driver.version: unknown&#10;remote stacktrace: &#10;Command duration or timeout: 1.18 seconds"/>
  </testcase>
  <testcase name="validatefooterForServices" classname="com.atmecs.testScripts.HomePagetestscripts" time="0">
    <skipped message="Unable to find a matching set of capabilities&#10;Build info: version: &apos;3.141.59&apos;, revision: &apos;e82be7d358&apos;, time: &apos;2018-11-14T08:25:53&apos;&#10;System info: host: &apos;ATMECSINLT-038&apos;, ip: &apos;55.55.52.193&apos;, os.name: &apos;Windows 10&apos;, os.arch: &apos;amd64&apos;, os.version: &apos;10.0&apos;, java.version: &apos;12.0.1&apos;&#10;Driver info: driver.version: unknown&#10;remote stacktrace: &#10;Command duration or timeout: 1.18 seconds"/>
  </testcase>
  <testcase name="validatefooterForServices" classname="com.atmecs.testScripts.HomePagetestscripts" time="0">
    <skipped message="Unable to find a matching set of capabilities&#10;Build info: version: &apos;3.141.59&apos;, revision: &apos;e82be7d358&apos;, time: &apos;2018-11-14T08:25:53&apos;&#10;System info: host: &apos;ATMECSINLT-038&apos;, ip: &apos;55.55.52.193&apos;, os.name: &apos;Windows 10&apos;, os.arch: &apos;amd64&apos;, os.version: &apos;10.0&apos;, java.version: &apos;12.0.1&apos;&#10;Driver info: driver.version: unknown&#10;remote stacktrace: &#10;Command duration or timeout: 1.18 seconds"/>
  </testcase>
  <testcase name="validatefooterForServices" classname="com.atmecs.testScripts.HomePagetestscripts" time="0">
    <skipped message="Unable to find a matching set of capabilities&#10;Build info: version: &apos;3.141.59&apos;, revision: &apos;e82be7d358&apos;, time: &apos;2018-11-14T08:25:53&apos;&#10;System info: host: &apos;ATMECSINLT-038&apos;, ip: &apos;55.55.52.193&apos;, os.name: &apos;Windows 10&apos;, os.arch: &apos;amd64&apos;, os.version: &apos;10.0&apos;, java.version: &apos;12.0.1&apos;&#10;Driver info: driver.version: unknown&#10;remote stacktrace: &#10;Command duration or timeout: 1.18 seconds"/>
  </testcase>
  <testcase name="validatefooterForServices" classname="com.atmecs.testScripts.HomePagetestscripts" time="0">
    <skipped message="Unable to find a matching set of capabilities&#10;Build info: version: &apos;3.141.59&apos;, revision: &apos;e82be7d358&apos;, time: &apos;2018-11-14T08:25:53&apos;&#10;System info: host: &apos;ATMECSINLT-038&apos;, ip: &apos;55.55.52.193&apos;, os.name: &apos;Windows 10&apos;, os.arch: &apos;amd64&apos;, os.version: &apos;10.0&apos;, java.version: &apos;12.0.1&apos;&#10;Driver info: driver.version: unknown&#10;remote stacktrace: &#10;Command duration or timeout: 1.18 seconds"/>
  </testcase>
  <testcase name="validatefooterForServices" classname="com.atmecs.testScripts.HomePagetestscripts" time="0">
    <skipped message="Unable to find a matching set of capabilities&#10;Build info: version: &apos;3.141.59&apos;, revision: &apos;e82be7d358&apos;, time: &apos;2018-11-14T08:25:53&apos;&#10;System info: host: &apos;ATMECSINLT-038&apos;, ip: &apos;55.55.52.193&apos;, os.name: &apos;Windows 10&apos;, os.arch: &apos;amd64&apos;, os.version: &apos;10.0&apos;, java.version: &apos;12.0.1&apos;&#10;Driver info: driver.version: unknown&#10;remote stacktrace: &#10;Command duration or timeout: 1.18 seconds"/>
  </testcase>
  <testcase name="validatefooterForServices" classname="com.atmecs.testScripts.HomePagetestscripts" time="0">
    <skipped message="Unable to find a matching set of capabilities&#10;Build info: version: &apos;3.141.59&apos;, revision: &apos;e82be7d358&apos;, time: &apos;2018-11-14T08:25:53&apos;&#10;System info: host: &apos;ATMECSINLT-038&apos;, ip: &apos;55.55.52.193&apos;, os.name: &apos;Windows 10&apos;, os.arch: &apos;amd64&apos;, os.version: &apos;10.0&apos;, java.version: &apos;12.0.1&apos;&#10;Driver info: driver.version: unknown&#10;remote stacktrace: &#10;Command duration or timeout: 1.18 seconds"/>
  </testcase>
  <testcase name="validatefooterForServices" classname="com.atmecs.testScripts.HomePagetestscripts" time="0">
    <skipped message="Unable to find a matching set of capabilities&#10;Build info: version: &apos;3.141.59&apos;, revision: &apos;e82be7d358&apos;, time: &apos;2018-11-14T08:25:53&apos;&#10;System info: host: &apos;ATMECSINLT-038&apos;, ip: &apos;55.55.52.193&apos;, os.name: &apos;Windows 10&apos;, os.arch: &apos;amd64&apos;, os.version: &apos;10.0&apos;, java.version: &apos;12.0.1&apos;&#10;Driver info: driver.version: unknown&#10;remote stacktrace: &#10;Command duration or timeout: 1.18 seconds"/>
  </testcase>
  <testcase name="validatefooterForServices" classname="com.atmecs.testScripts.HomePagetestscripts" time="0">
    <skipped message="Unable to find a matching set of capabilities&#10;Build info: version: &apos;3.141.59&apos;, revision: &apos;e82be7d358&apos;, time: &apos;2018-11-14T08:25:53&apos;&#10;System info: host: &apos;ATMECSINLT-038&apos;, ip: &apos;55.55.52.193&apos;, os.name: &apos;Windows 10&apos;, os.arch: &apos;amd64&apos;, os.version: &apos;10.0&apos;, java.version: &apos;12.0.1&apos;&#10;Driver info: driver.version: unknown&#10;remote stacktrace: &#10;Command duration or timeout: 1.18 seconds"/>
  </testcase>
  <testcase name="validatefooterForServices" classname="com.atmecs.testScripts.HomePagetestscripts" time="0">
    <skipped message="Unable to find a matching set of capabilities&#10;Build info: version: &apos;3.141.59&apos;, revision: &apos;e82be7d358&apos;, time: &apos;2018-11-14T08:25:53&apos;&#10;System info: host: &apos;ATMECSINLT-038&apos;, ip: &apos;55.55.52.193&apos;, os.name: &apos;Windows 10&apos;, os.arch: &apos;amd64&apos;, os.version: &apos;10.0&apos;, java.version: &apos;12.0.1&apos;&#10;Driver info: driver.version: unknown&#10;remote stacktrace: &#10;Command duration or timeout: 1.18 seconds"/>
  </testcase>
  <testcase name="validatefooterForServices" classname="com.atmecs.testScripts.HomePagetestscripts" time="0">
    <skipped message="Unable to find a matching set of capabilities&#10;Build info: version: &apos;3.141.59&apos;, revision: &apos;e82be7d358&apos;, time: &apos;2018-11-14T08:25:53&apos;&#10;System info: host: &apos;ATMECSINLT-038&apos;, ip: &apos;55.55.52.193&apos;, os.name: &apos;Windows 10&apos;, os.arch: &apos;amd64&apos;, os.version: &apos;10.0&apos;, java.version: &apos;12.0.1&apos;&#10;Driver info: driver.version: unknown&#10;remote stacktrace: &#10;Command duration or timeout: 1.18 seconds"/>
  </testcase>
  <testcase name="validatefooterForServices" classname="com.atmecs.testScripts.HomePagetestscripts" time="0">
    <skipped message="Unable to find a matching set of capabilities&#10;Build info: version: &apos;3.141.59&apos;, revision: &apos;e82be7d358&apos;, time: &apos;2018-11-14T08:25:53&apos;&#10;System info: host: &apos;ATMECSINLT-038&apos;, ip: &apos;55.55.52.193&apos;, os.name: &apos;Windows 10&apos;, os.arch: &apos;amd64&apos;, os.version: &apos;10.0&apos;, java.version: &apos;12.0.1&apos;&#10;Driver info: driver.version: unknown&#10;remote stacktrace: &#10;Command duration or timeout: 1.18 seconds"/>
  </testcase>
  <testcase name="validatefooterForServices" classname="com.atmecs.testScripts.HomePagetestscripts" time="0">
    <skipped message="Unable to find a matching set of capabilities&#10;Build info: version: &apos;3.141.59&apos;, revision: &apos;e82be7d358&apos;, time: &apos;2018-11-14T08:25:53&apos;&#10;System info: host: &apos;ATMECSINLT-038&apos;, ip: &apos;55.55.52.193&apos;, os.name: &apos;Windows 10&apos;, os.arch: &apos;amd64&apos;, os.version: &apos;10.0&apos;, java.version: &apos;12.0.1&apos;&#10;Driver info: driver.version: unknown&#10;remote stacktrace: &#10;Command duration or timeout: 1.18 seconds"/>
  </testcase>
  <testcase name="clickHeaderCareers" classname="com.atmecs.testScripts.HomePagetestscripts" time="0">
    <skipped message="Unable to find a matching set of capabilities&#10;Build info: version: &apos;3.141.59&apos;, revision: &apos;e82be7d358&apos;, time: &apos;2018-11-14T08:25:53&apos;&#10;System info: host: &apos;ATMECSINLT-038&apos;, ip: &apos;55.55.52.193&apos;, os.name: &apos;Windows 10&apos;, os.arch: &apos;amd64&apos;, os.version: &apos;10.0&apos;, java.version: &apos;12.0.1&apos;&#10;Driver info: driver.version: unknown&#10;remote stacktrace: &#10;Command duration or timeout: 1.18 seconds"/>
  </testcase>
  <testcase name="validatefooterForCareers" classname="com.atmecs.testScripts.HomePagetestscripts" time="0">
    <skipped message="Unable to find a matching set of capabilities&#10;Build info: version: &apos;3.141.59&apos;, revision: &apos;e82be7d358&apos;, time: &apos;2018-11-14T08:25:53&apos;&#10;System info: host: &apos;ATMECSINLT-038&apos;, ip: &apos;55.55.52.193&apos;, os.name: &apos;Windows 10&apos;, os.arch: &apos;amd64&apos;, os.version: &apos;10.0&apos;, java.version: &apos;12.0.1&apos;&#10;Driver info: driver.version: unknown&#10;remote stacktrace: &#10;Command duration or timeout: 1.18 seconds"/>
    <system-out><![CDATA[15
1
]]></system-out>
  </testcase>
  <testcase name="validatefooterForCareers" classname="com.atmecs.testScripts.HomePagetestscripts" time="0">
    <skipped message="Unable to find a matching set of capabilities&#10;Build info: version: &apos;3.141.59&apos;, revision: &apos;e82be7d358&apos;, time: &apos;2018-11-14T08:25:53&apos;&#10;System info: host: &apos;ATMECSINLT-038&apos;, ip: &apos;55.55.52.193&apos;, os.name: &apos;Windows 10&apos;, os.arch: &apos;amd64&apos;, os.version: &apos;10.0&apos;, java.version: &apos;12.0.1&apos;&#10;Driver info: driver.version: unknown&#10;remote stacktrace: &#10;Command duration or timeout: 1.18 seconds"/>
  </testcase>
  <testcase name="validatefooterForCareers" classname="com.atmecs.testScripts.HomePagetestscripts" time="0">
    <skipped message="Unable to find a matching set of capabilities&#10;Build info: version: &apos;3.141.59&apos;, revision: &apos;e82be7d358&apos;, time: &apos;2018-11-14T08:25:53&apos;&#10;System info: host: &apos;ATMECSINLT-038&apos;, ip: &apos;55.55.52.193&apos;, os.name: &apos;Windows 10&apos;, os.arch: &apos;amd64&apos;, os.version: &apos;10.0&apos;, java.version: &apos;12.0.1&apos;&#10;Driver info: driver.version: unknown&#10;remote stacktrace: &#10;Command duration or timeout: 1.18 seconds"/>
  </testcase>
  <testcase name="validatefooterForCareers" classname="com.atmecs.testScripts.HomePagetestscripts" time="0">
    <skipped message="Unable to find a matching set of capabilities&#10;Build info: version: &apos;3.141.59&apos;, revision: &apos;e82be7d358&apos;, time: &apos;2018-11-14T08:25:53&apos;&#10;System info: host: &apos;ATMECSINLT-038&apos;, ip: &apos;55.55.52.193&apos;, os.name: &apos;Windows 10&apos;, os.arch: &apos;amd64&apos;, os.version: &apos;10.0&apos;, java.version: &apos;12.0.1&apos;&#10;Driver info: driver.version: unknown&#10;remote stacktrace: &#10;Command duration or timeout: 1.18 seconds"/>
  </testcase>
  <testcase name="validatefooterForCareers" classname="com.atmecs.testScripts.HomePagetestscripts" time="0">
    <skipped message="Unable to find a matching set of capabilities&#10;Build info: version: &apos;3.141.59&apos;, revision: &apos;e82be7d358&apos;, time: &apos;2018-11-14T08:25:53&apos;&#10;System info: host: &apos;ATMECSINLT-038&apos;, ip: &apos;55.55.52.193&apos;, os.name: &apos;Windows 10&apos;, os.arch: &apos;amd64&apos;, os.version: &apos;10.0&apos;, java.version: &apos;12.0.1&apos;&#10;Driver info: driver.version: unknown&#10;remote stacktrace: &#10;Command duration or timeout: 1.18 seconds"/>
  </testcase>
  <testcase name="validatefooterForCareers" classname="com.atmecs.testScripts.HomePagetestscripts" time="0">
    <skipped message="Unable to find a matching set of capabilities&#10;Build info: version: &apos;3.141.59&apos;, revision: &apos;e82be7d358&apos;, time: &apos;2018-11-14T08:25:53&apos;&#10;System info: host: &apos;ATMECSINLT-038&apos;, ip: &apos;55.55.52.193&apos;, os.name: &apos;Windows 10&apos;, os.arch: &apos;amd64&apos;, os.version: &apos;10.0&apos;, java.version: &apos;12.0.1&apos;&#10;Driver info: driver.version: unknown&#10;remote stacktrace: &#10;Command duration or timeout: 1.18 seconds"/>
  </testcase>
  <testcase name="validatefooterForCareers" classname="com.atmecs.testScripts.HomePagetestscripts" time="0">
    <skipped message="Unable to find a matching set of capabilities&#10;Build info: version: &apos;3.141.59&apos;, revision: &apos;e82be7d358&apos;, time: &apos;2018-11-14T08:25:53&apos;&#10;System info: host: &apos;ATMECSINLT-038&apos;, ip: &apos;55.55.52.193&apos;, os.name: &apos;Windows 10&apos;, os.arch: &apos;amd64&apos;, os.version: &apos;10.0&apos;, java.version: &apos;12.0.1&apos;&#10;Driver info: driver.version: unknown&#10;remote stacktrace: &#10;Command duration or timeout: 1.18 seconds"/>
  </testcase>
  <testcase name="validatefooterForCareers" classname="com.atmecs.testScripts.HomePagetestscripts" time="0">
    <skipped message="Unable to find a matching set of capabilities&#10;Build info: version: &apos;3.141.59&apos;, revision: &apos;e82be7d358&apos;, time: &apos;2018-11-14T08:25:53&apos;&#10;System info: host: &apos;ATMECSINLT-038&apos;, ip: &apos;55.55.52.193&apos;, os.name: &apos;Windows 10&apos;, os.arch: &apos;amd64&apos;, os.version: &apos;10.0&apos;, java.version: &apos;12.0.1&apos;&#10;Driver info: driver.version: unknown&#10;remote stacktrace: &#10;Command duration or timeout: 1.18 seconds"/>
  </testcase>
  <testcase name="validatefooterForCareers" classname="com.atmecs.testScripts.HomePagetestscripts" time="0">
    <skipped message="Unable to find a matching set of capabilities&#10;Build info: version: &apos;3.141.59&apos;, revision: &apos;e82be7d358&apos;, time: &apos;2018-11-14T08:25:53&apos;&#10;System info: host: &apos;ATMECSINLT-038&apos;, ip: &apos;55.55.52.193&apos;, os.name: &apos;Windows 10&apos;, os.arch: &apos;amd64&apos;, os.version: &apos;10.0&apos;, java.version: &apos;12.0.1&apos;&#10;Driver info: driver.version: unknown&#10;remote stacktrace: &#10;Command duration or timeout: 1.18 seconds"/>
  </testcase>
  <testcase name="validatefooterForCareers" classname="com.atmecs.testScripts.HomePagetestscripts" time="0">
    <skipped message="Unable to find a matching set of capabilities&#10;Build info: version: &apos;3.141.59&apos;, revision: &apos;e82be7d358&apos;, time: &apos;2018-11-14T08:25:53&apos;&#10;System info: host: &apos;ATMECSINLT-038&apos;, ip: &apos;55.55.52.193&apos;, os.name: &apos;Windows 10&apos;, os.arch: &apos;amd64&apos;, os.version: &apos;10.0&apos;, java.version: &apos;12.0.1&apos;&#10;Driver info: driver.version: unknown&#10;remote stacktrace: &#10;Command duration or timeout: 1.18 seconds"/>
  </testcase>
  <testcase name="validatefooterForCareers" classname="com.atmecs.testScripts.HomePagetestscripts" time="0">
    <skipped message="Unable to find a matching set of capabilities&#10;Build info: version: &apos;3.141.59&apos;, revision: &apos;e82be7d358&apos;, time: &apos;2018-11-14T08:25:53&apos;&#10;System info: host: &apos;ATMECSINLT-038&apos;, ip: &apos;55.55.52.193&apos;, os.name: &apos;Windows 10&apos;, os.arch: &apos;amd64&apos;, os.version: &apos;10.0&apos;, java.version: &apos;12.0.1&apos;&#10;Driver info: driver.version: unknown&#10;remote stacktrace: &#10;Command duration or timeout: 1.18 seconds"/>
  </testcase>
  <testcase name="validatefooterForCareers" classname="com.atmecs.testScripts.HomePagetestscripts" time="0">
    <skipped message="Unable to find a matching set of capabilities&#10;Build info: version: &apos;3.141.59&apos;, revision: &apos;e82be7d358&apos;, time: &apos;2018-11-14T08:25:53&apos;&#10;System info: host: &apos;ATMECSINLT-038&apos;, ip: &apos;55.55.52.193&apos;, os.name: &apos;Windows 10&apos;, os.arch: &apos;amd64&apos;, os.version: &apos;10.0&apos;, java.version: &apos;12.0.1&apos;&#10;Driver info: driver.version: unknown&#10;remote stacktrace: &#10;Command duration or timeout: 1.18 seconds"/>
  </testcase>
  <testcase name="validatefooterForCareers" classname="com.atmecs.testScripts.HomePagetestscripts" time="0">
    <skipped message="Unable to find a matching set of capabilities&#10;Build info: version: &apos;3.141.59&apos;, revision: &apos;e82be7d358&apos;, time: &apos;2018-11-14T08:25:53&apos;&#10;System info: host: &apos;ATMECSINLT-038&apos;, ip: &apos;55.55.52.193&apos;, os.name: &apos;Windows 10&apos;, os.arch: &apos;amd64&apos;, os.version: &apos;10.0&apos;, java.version: &apos;12.0.1&apos;&#10;Driver info: driver.version: unknown&#10;remote stacktrace: &#10;Command duration or timeout: 1.18 seconds"/>
  </testcase>
  <testcase name="validatefooterForCareers" classname="com.atmecs.testScripts.HomePagetestscripts" time="0">
    <skipped message="Unable to find a matching set of capabilities&#10;Build info: version: &apos;3.141.59&apos;, revision: &apos;e82be7d358&apos;, time: &apos;2018-11-14T08:25:53&apos;&#10;System info: host: &apos;ATMECSINLT-038&apos;, ip: &apos;55.55.52.193&apos;, os.name: &apos;Windows 10&apos;, os.arch: &apos;amd64&apos;, os.version: &apos;10.0&apos;, java.version: &apos;12.0.1&apos;&#10;Driver info: driver.version: unknown&#10;remote stacktrace: &#10;Command duration or timeout: 1.18 seconds"/>
  </testcase>
  <testcase name="validatefooterForCareers" classname="com.atmecs.testScripts.HomePagetestscripts" time="0">
    <skipped message="Unable to find a matching set of capabilities&#10;Build info: version: &apos;3.141.59&apos;, revision: &apos;e82be7d358&apos;, time: &apos;2018-11-14T08:25:53&apos;&#10;System info: host: &apos;ATMECSINLT-038&apos;, ip: &apos;55.55.52.193&apos;, os.name: &apos;Windows 10&apos;, os.arch: &apos;amd64&apos;, os.version: &apos;10.0&apos;, java.version: &apos;12.0.1&apos;&#10;Driver info: driver.version: unknown&#10;remote stacktrace: &#10;Command duration or timeout: 1.18 seconds"/>
  </testcase>
  <testcase name="clickHeaderAboutUs" classname="com.atmecs.testScripts.HomePagetestscripts" time="0">
    <skipped message="Unable to find a matching set of capabilities&#10;Build info: version: &apos;3.141.59&apos;, revision: &apos;e82be7d358&apos;, time: &apos;2018-11-14T08:25:53&apos;&#10;System info: host: &apos;ATMECSINLT-038&apos;, ip: &apos;55.55.52.193&apos;, os.name: &apos;Windows 10&apos;, os.arch: &apos;amd64&apos;, os.version: &apos;10.0&apos;, java.version: &apos;12.0.1&apos;&#10;Driver info: driver.version: unknown&#10;remote stacktrace: &#10;Command duration or timeout: 1.18 seconds"/>
  </testcase>
  <testcase name="validatefooterForAboutUs" classname="com.atmecs.testScripts.HomePagetestscripts" time="0">
    <skipped message="Unable to find a matching set of capabilities&#10;Build info: version: &apos;3.141.59&apos;, revision: &apos;e82be7d358&apos;, time: &apos;2018-11-14T08:25:53&apos;&#10;System info: host: &apos;ATMECSINLT-038&apos;, ip: &apos;55.55.52.193&apos;, os.name: &apos;Windows 10&apos;, os.arch: &apos;amd64&apos;, os.version: &apos;10.0&apos;, java.version: &apos;12.0.1&apos;&#10;Driver info: driver.version: unknown&#10;remote stacktrace: &#10;Command duration or timeout: 1.18 seconds"/>
    <system-out><![CDATA[15
1
]]></system-out>
  </testcase>
  <testcase name="validatefooterForAboutUs" classname="com.atmecs.testScripts.HomePagetestscripts" time="0">
    <skipped message="Unable to find a matching set of capabilities&#10;Build info: version: &apos;3.141.59&apos;, revision: &apos;e82be7d358&apos;, time: &apos;2018-11-14T08:25:53&apos;&#10;System info: host: &apos;ATMECSINLT-038&apos;, ip: &apos;55.55.52.193&apos;, os.name: &apos;Windows 10&apos;, os.arch: &apos;amd64&apos;, os.version: &apos;10.0&apos;, java.version: &apos;12.0.1&apos;&#10;Driver info: driver.version: unknown&#10;remote stacktrace: &#10;Command duration or timeout: 1.18 seconds"/>
  </testcase>
  <testcase name="validatefooterForAboutUs" classname="com.atmecs.testScripts.HomePagetestscripts" time="0">
    <skipped message="Unable to find a matching set of capabilities&#10;Build info: version: &apos;3.141.59&apos;, revision: &apos;e82be7d358&apos;, time: &apos;2018-11-14T08:25:53&apos;&#10;System info: host: &apos;ATMECSINLT-038&apos;, ip: &apos;55.55.52.193&apos;, os.name: &apos;Windows 10&apos;, os.arch: &apos;amd64&apos;, os.version: &apos;10.0&apos;, java.version: &apos;12.0.1&apos;&#10;Driver info: driver.version: unknown&#10;remote stacktrace: &#10;Command duration or timeout: 1.18 seconds"/>
  </testcase>
  <testcase name="validatefooterForAboutUs" classname="com.atmecs.testScripts.HomePagetestscripts" time="0">
    <skipped message="Unable to find a matching set of capabilities&#10;Build info: version: &apos;3.141.59&apos;, revision: &apos;e82be7d358&apos;, time: &apos;2018-11-14T08:25:53&apos;&#10;System info: host: &apos;ATMECSINLT-038&apos;, ip: &apos;55.55.52.193&apos;, os.name: &apos;Windows 10&apos;, os.arch: &apos;amd64&apos;, os.version: &apos;10.0&apos;, java.version: &apos;12.0.1&apos;&#10;Driver info: driver.version: unknown&#10;remote stacktrace: &#10;Command duration or timeout: 1.18 seconds"/>
  </testcase>
  <testcase name="validatefooterForAboutUs" classname="com.atmecs.testScripts.HomePagetestscripts" time="0">
    <skipped message="Unable to find a matching set of capabilities&#10;Build info: version: &apos;3.141.59&apos;, revision: &apos;e82be7d358&apos;, time: &apos;2018-11-14T08:25:53&apos;&#10;System info: host: &apos;ATMECSINLT-038&apos;, ip: &apos;55.55.52.193&apos;, os.name: &apos;Windows 10&apos;, os.arch: &apos;amd64&apos;, os.version: &apos;10.0&apos;, java.version: &apos;12.0.1&apos;&#10;Driver info: driver.version: unknown&#10;remote stacktrace: &#10;Command duration or timeout: 1.18 seconds"/>
  </testcase>
  <testcase name="validatefooterForAboutUs" classname="com.atmecs.testScripts.HomePagetestscripts" time="0">
    <skipped message="Unable to find a matching set of capabilities&#10;Build info: version: &apos;3.141.59&apos;, revision: &apos;e82be7d358&apos;, time: &apos;2018-11-14T08:25:53&apos;&#10;System info: host: &apos;ATMECSINLT-038&apos;, ip: &apos;55.55.52.193&apos;, os.name: &apos;Windows 10&apos;, os.arch: &apos;amd64&apos;, os.version: &apos;10.0&apos;, java.version: &apos;12.0.1&apos;&#10;Driver info: driver.version: unknown&#10;remote stacktrace: &#10;Command duration or timeout: 1.18 seconds"/>
  </testcase>
  <testcase name="validatefooterForAboutUs" classname="com.atmecs.testScripts.HomePagetestscripts" time="0">
    <skipped message="Unable to find a matching set of capabilities&#10;Build info: version: &apos;3.141.59&apos;, revision: &apos;e82be7d358&apos;, time: &apos;2018-11-14T08:25:53&apos;&#10;System info: host: &apos;ATMECSINLT-038&apos;, ip: &apos;55.55.52.193&apos;, os.name: &apos;Windows 10&apos;, os.arch: &apos;amd64&apos;, os.version: &apos;10.0&apos;, java.version: &apos;12.0.1&apos;&#10;Driver info: driver.version: unknown&#10;remote stacktrace: &#10;Command duration or timeout: 1.18 seconds"/>
  </testcase>
  <testcase name="validatefooterForAboutUs" classname="com.atmecs.testScripts.HomePagetestscripts" time="0">
    <skipped message="Unable to find a matching set of capabilities&#10;Build info: version: &apos;3.141.59&apos;, revision: &apos;e82be7d358&apos;, time: &apos;2018-11-14T08:25:53&apos;&#10;System info: host: &apos;ATMECSINLT-038&apos;, ip: &apos;55.55.52.193&apos;, os.name: &apos;Windows 10&apos;, os.arch: &apos;amd64&apos;, os.version: &apos;10.0&apos;, java.version: &apos;12.0.1&apos;&#10;Driver info: driver.version: unknown&#10;remote stacktrace: &#10;Command duration or timeout: 1.18 seconds"/>
  </testcase>
  <testcase name="validatefooterForAboutUs" classname="com.atmecs.testScripts.HomePagetestscripts" time="0">
    <skipped message="Unable to find a matching set of capabilities&#10;Build info: version: &apos;3.141.59&apos;, revision: &apos;e82be7d358&apos;, time: &apos;2018-11-14T08:25:53&apos;&#10;System info: host: &apos;ATMECSINLT-038&apos;, ip: &apos;55.55.52.193&apos;, os.name: &apos;Windows 10&apos;, os.arch: &apos;amd64&apos;, os.version: &apos;10.0&apos;, java.version: &apos;12.0.1&apos;&#10;Driver info: driver.version: unknown&#10;remote stacktrace: &#10;Command duration or timeout: 1.18 seconds"/>
  </testcase>
  <testcase name="validatefooterForAboutUs" classname="com.atmecs.testScripts.HomePagetestscripts" time="0">
    <skipped message="Unable to find a matching set of capabilities&#10;Build info: version: &apos;3.141.59&apos;, revision: &apos;e82be7d358&apos;, time: &apos;2018-11-14T08:25:53&apos;&#10;System info: host: &apos;ATMECSINLT-038&apos;, ip: &apos;55.55.52.193&apos;, os.name: &apos;Windows 10&apos;, os.arch: &apos;amd64&apos;, os.version: &apos;10.0&apos;, java.version: &apos;12.0.1&apos;&#10;Driver info: driver.version: unknown&#10;remote stacktrace: &#10;Command duration or timeout: 1.18 seconds"/>
  </testcase>
  <testcase name="validatefooterForAboutUs" classname="com.atmecs.testScripts.HomePagetestscripts" time="0">
    <skipped message="Unable to find a matching set of capabilities&#10;Build info: version: &apos;3.141.59&apos;, revision: &apos;e82be7d358&apos;, time: &apos;2018-11-14T08:25:53&apos;&#10;System info: host: &apos;ATMECSINLT-038&apos;, ip: &apos;55.55.52.193&apos;, os.name: &apos;Windows 10&apos;, os.arch: &apos;amd64&apos;, os.version: &apos;10.0&apos;, java.version: &apos;12.0.1&apos;&#10;Driver info: driver.version: unknown&#10;remote stacktrace: &#10;Command duration or timeout: 1.18 seconds"/>
  </testcase>
  <testcase name="validatefooterForAboutUs" classname="com.atmecs.testScripts.HomePagetestscripts" time="0">
    <skipped message="Unable to find a matching set of capabilities&#10;Build info: version: &apos;3.141.59&apos;, revision: &apos;e82be7d358&apos;, time: &apos;2018-11-14T08:25:53&apos;&#10;System info: host: &apos;ATMECSINLT-038&apos;, ip: &apos;55.55.52.193&apos;, os.name: &apos;Windows 10&apos;, os.arch: &apos;amd64&apos;, os.version: &apos;10.0&apos;, java.version: &apos;12.0.1&apos;&#10;Driver info: driver.version: unknown&#10;remote stacktrace: &#10;Command duration or timeout: 1.18 seconds"/>
  </testcase>
  <testcase name="validatefooterForAboutUs" classname="com.atmecs.testScripts.HomePagetestscripts" time="0">
    <skipped message="Unable to find a matching set of capabilities&#10;Build info: version: &apos;3.141.59&apos;, revision: &apos;e82be7d358&apos;, time: &apos;2018-11-14T08:25:53&apos;&#10;System info: host: &apos;ATMECSINLT-038&apos;, ip: &apos;55.55.52.193&apos;, os.name: &apos;Windows 10&apos;, os.arch: &apos;amd64&apos;, os.version: &apos;10.0&apos;, java.version: &apos;12.0.1&apos;&#10;Driver info: driver.version: unknown&#10;remote stacktrace: &#10;Command duration or timeout: 1.18 seconds"/>
  </testcase>
  <testcase name="validatefooterForAboutUs" classname="com.atmecs.testScripts.HomePagetestscripts" time="0">
    <skipped message="Unable to find a matching set of capabilities&#10;Build info: version: &apos;3.141.59&apos;, revision: &apos;e82be7d358&apos;, time: &apos;2018-11-14T08:25:53&apos;&#10;System info: host: &apos;ATMECSINLT-038&apos;, ip: &apos;55.55.52.193&apos;, os.name: &apos;Windows 10&apos;, os.arch: &apos;amd64&apos;, os.version: &apos;10.0&apos;, java.version: &apos;12.0.1&apos;&#10;Driver info: driver.version: unknown&#10;remote stacktrace: &#10;Command duration or timeout: 1.18 seconds"/>
  </testcase>
  <testcase name="validatefooterForAboutUs" classname="com.atmecs.testScripts.HomePagetestscripts" time="0">
    <skipped message="Unable to find a matching set of capabilities&#10;Build info: version: &apos;3.141.59&apos;, revision: &apos;e82be7d358&apos;, time: &apos;2018-11-14T08:25:53&apos;&#10;System info: host: &apos;ATMECSINLT-038&apos;, ip: &apos;55.55.52.193&apos;, os.name: &apos;Windows 10&apos;, os.arch: &apos;amd64&apos;, os.version: &apos;10.0&apos;, java.version: &apos;12.0.1&apos;&#10;Driver info: driver.version: unknown&#10;remote stacktrace: &#10;Command duration or timeout: 1.18 seconds"/>
  </testcase>
  <testcase name="clickHeaderPartners" classname="com.atmecs.testScripts.HomePagetestscripts" time="0">
    <skipped message="Unable to find a matching set of capabilities&#10;Build info: version: &apos;3.141.59&apos;, revision: &apos;e82be7d358&apos;, time: &apos;2018-11-14T08:25:53&apos;&#10;System info: host: &apos;ATMECSINLT-038&apos;, ip: &apos;55.55.52.193&apos;, os.name: &apos;Windows 10&apos;, os.arch: &apos;amd64&apos;, os.version: &apos;10.0&apos;, java.version: &apos;12.0.1&apos;&#10;Driver info: driver.version: unknown&#10;remote stacktrace: &#10;Command duration or timeout: 1.18 seconds"/>
  </testcase>
  <testcase name="validatefooterForPartner" classname="com.atmecs.testScripts.HomePagetestscripts" time="0">
    <skipped message="Unable to find a matching set of capabilities&#10;Build info: version: &apos;3.141.59&apos;, revision: &apos;e82be7d358&apos;, time: &apos;2018-11-14T08:25:53&apos;&#10;System info: host: &apos;ATMECSINLT-038&apos;, ip: &apos;55.55.52.193&apos;, os.name: &apos;Windows 10&apos;, os.arch: &apos;amd64&apos;, os.version: &apos;10.0&apos;, java.version: &apos;12.0.1&apos;&#10;Driver info: driver.version: unknown&#10;remote stacktrace: &#10;Command duration or timeout: 1.18 seconds"/>
    <system-out><![CDATA[15
1
]]></system-out>
  </testcase>
  <testcase name="validatefooterForPartner" classname="com.atmecs.testScripts.HomePagetestscripts" time="0">
    <skipped message="Unable to find a matching set of capabilities&#10;Build info: version: &apos;3.141.59&apos;, revision: &apos;e82be7d358&apos;, time: &apos;2018-11-14T08:25:53&apos;&#10;System info: host: &apos;ATMECSINLT-038&apos;, ip: &apos;55.55.52.193&apos;, os.name: &apos;Windows 10&apos;, os.arch: &apos;amd64&apos;, os.version: &apos;10.0&apos;, java.version: &apos;12.0.1&apos;&#10;Driver info: driver.version: unknown&#10;remote stacktrace: &#10;Command duration or timeout: 1.18 seconds"/>
  </testcase>
  <testcase name="validatefooterForPartner" classname="com.atmecs.testScripts.HomePagetestscripts" time="0">
    <skipped message="Unable to find a matching set of capabilities&#10;Build info: version: &apos;3.141.59&apos;, revision: &apos;e82be7d358&apos;, time: &apos;2018-11-14T08:25:53&apos;&#10;System info: host: &apos;ATMECSINLT-038&apos;, ip: &apos;55.55.52.193&apos;, os.name: &apos;Windows 10&apos;, os.arch: &apos;amd64&apos;, os.version: &apos;10.0&apos;, java.version: &apos;12.0.1&apos;&#10;Driver info: driver.version: unknown&#10;remote stacktrace: &#10;Command duration or timeout: 1.18 seconds"/>
  </testcase>
  <testcase name="validatefooterForPartner" classname="com.atmecs.testScripts.HomePagetestscripts" time="0">
    <skipped message="Unable to find a matching set of capabilities&#10;Build info: version: &apos;3.141.59&apos;, revision: &apos;e82be7d358&apos;, time: &apos;2018-11-14T08:25:53&apos;&#10;System info: host: &apos;ATMECSINLT-038&apos;, ip: &apos;55.55.52.193&apos;, os.name: &apos;Windows 10&apos;, os.arch: &apos;amd64&apos;, os.version: &apos;10.0&apos;, java.version: &apos;12.0.1&apos;&#10;Driver info: driver.version: unknown&#10;remote stacktrace: &#10;Command duration or timeout: 1.18 seconds"/>
  </testcase>
  <testcase name="validatefooterForPartner" classname="com.atmecs.testScripts.HomePagetestscripts" time="0">
    <skipped message="Unable to find a matching set of capabilities&#10;Build info: version: &apos;3.141.59&apos;, revision: &apos;e82be7d358&apos;, time: &apos;2018-11-14T08:25:53&apos;&#10;System info: host: &apos;ATMECSINLT-038&apos;, ip: &apos;55.55.52.193&apos;, os.name: &apos;Windows 10&apos;, os.arch: &apos;amd64&apos;, os.version: &apos;10.0&apos;, java.version: &apos;12.0.1&apos;&#10;Driver info: driver.version: unknown&#10;remote stacktrace: &#10;Command duration or timeout: 1.18 seconds"/>
  </testcase>
  <testcase name="validatefooterForPartner" classname="com.atmecs.testScripts.HomePagetestscripts" time="0">
    <skipped message="Unable to find a matching set of capabilities&#10;Build info: version: &apos;3.141.59&apos;, revision: &apos;e82be7d358&apos;, time: &apos;2018-11-14T08:25:53&apos;&#10;System info: host: &apos;ATMECSINLT-038&apos;, ip: &apos;55.55.52.193&apos;, os.name: &apos;Windows 10&apos;, os.arch: &apos;amd64&apos;, os.version: &apos;10.0&apos;, java.version: &apos;12.0.1&apos;&#10;Driver info: driver.version: unknown&#10;remote stacktrace: &#10;Command duration or timeout: 1.18 seconds"/>
  </testcase>
  <testcase name="validatefooterForPartner" classname="com.atmecs.testScripts.HomePagetestscripts" time="0">
    <skipped message="Unable to find a matching set of capabilities&#10;Build info: version: &apos;3.141.59&apos;, revision: &apos;e82be7d358&apos;, time: &apos;2018-11-14T08:25:53&apos;&#10;System info: host: &apos;ATMECSINLT-038&apos;, ip: &apos;55.55.52.193&apos;, os.name: &apos;Windows 10&apos;, os.arch: &apos;amd64&apos;, os.version: &apos;10.0&apos;, java.version: &apos;12.0.1&apos;&#10;Driver info: driver.version: unknown&#10;remote stacktrace: &#10;Command duration or timeout: 1.18 seconds"/>
  </testcase>
  <testcase name="validatefooterForPartner" classname="com.atmecs.testScripts.HomePagetestscripts" time="0">
    <skipped message="Unable to find a matching set of capabilities&#10;Build info: version: &apos;3.141.59&apos;, revision: &apos;e82be7d358&apos;, time: &apos;2018-11-14T08:25:53&apos;&#10;System info: host: &apos;ATMECSINLT-038&apos;, ip: &apos;55.55.52.193&apos;, os.name: &apos;Windows 10&apos;, os.arch: &apos;amd64&apos;, os.version: &apos;10.0&apos;, java.version: &apos;12.0.1&apos;&#10;Driver info: driver.version: unknown&#10;remote stacktrace: &#10;Command duration or timeout: 1.18 seconds"/>
  </testcase>
  <testcase name="validatefooterForPartner" classname="com.atmecs.testScripts.HomePagetestscripts" time="0">
    <skipped message="Unable to find a matching set of capabilities&#10;Build info: version: &apos;3.141.59&apos;, revision: &apos;e82be7d358&apos;, time: &apos;2018-11-14T08:25:53&apos;&#10;System info: host: &apos;ATMECSINLT-038&apos;, ip: &apos;55.55.52.193&apos;, os.name: &apos;Windows 10&apos;, os.arch: &apos;amd64&apos;, os.version: &apos;10.0&apos;, java.version: &apos;12.0.1&apos;&#10;Driver info: driver.version: unknown&#10;remote stacktrace: &#10;Command duration or timeout: 1.18 seconds"/>
  </testcase>
  <testcase name="validatefooterForPartner" classname="com.atmecs.testScripts.HomePagetestscripts" time="0">
    <skipped message="Unable to find a matching set of capabilities&#10;Build info: version: &apos;3.141.59&apos;, revision: &apos;e82be7d358&apos;, time: &apos;2018-11-14T08:25:53&apos;&#10;System info: host: &apos;ATMECSINLT-038&apos;, ip: &apos;55.55.52.193&apos;, os.name: &apos;Windows 10&apos;, os.arch: &apos;amd64&apos;, os.version: &apos;10.0&apos;, java.version: &apos;12.0.1&apos;&#10;Driver info: driver.version: unknown&#10;remote stacktrace: &#10;Command duration or timeout: 1.18 seconds"/>
  </testcase>
  <testcase name="validatefooterForPartner" classname="com.atmecs.testScripts.HomePagetestscripts" time="0">
    <skipped message="Unable to find a matching set of capabilities&#10;Build info: version: &apos;3.141.59&apos;, revision: &apos;e82be7d358&apos;, time: &apos;2018-11-14T08:25:53&apos;&#10;System info: host: &apos;ATMECSINLT-038&apos;, ip: &apos;55.55.52.193&apos;, os.name: &apos;Windows 10&apos;, os.arch: &apos;amd64&apos;, os.version: &apos;10.0&apos;, java.version: &apos;12.0.1&apos;&#10;Driver info: driver.version: unknown&#10;remote stacktrace: &#10;Command duration or timeout: 1.18 seconds"/>
  </testcase>
  <testcase name="validatefooterForPartner" classname="com.atmecs.testScripts.HomePagetestscripts" time="0">
    <skipped message="Unable to find a matching set of capabilities&#10;Build info: version: &apos;3.141.59&apos;, revision: &apos;e82be7d358&apos;, time: &apos;2018-11-14T08:25:53&apos;&#10;System info: host: &apos;ATMECSINLT-038&apos;, ip: &apos;55.55.52.193&apos;, os.name: &apos;Windows 10&apos;, os.arch: &apos;amd64&apos;, os.version: &apos;10.0&apos;, java.version: &apos;12.0.1&apos;&#10;Driver info: driver.version: unknown&#10;remote stacktrace: &#10;Command duration or timeout: 1.18 seconds"/>
  </testcase>
  <testcase name="validatefooterForPartner" classname="com.atmecs.testScripts.HomePagetestscripts" time="0">
    <skipped message="Unable to find a matching set of capabilities&#10;Build info: version: &apos;3.141.59&apos;, revision: &apos;e82be7d358&apos;, time: &apos;2018-11-14T08:25:53&apos;&#10;System info: host: &apos;ATMECSINLT-038&apos;, ip: &apos;55.55.52.193&apos;, os.name: &apos;Windows 10&apos;, os.arch: &apos;amd64&apos;, os.version: &apos;10.0&apos;, java.version: &apos;12.0.1&apos;&#10;Driver info: driver.version: unknown&#10;remote stacktrace: &#10;Command duration or timeout: 1.18 seconds"/>
  </testcase>
  <testcase name="validatefooterForPartner" classname="com.atmecs.testScripts.HomePagetestscripts" time="0">
    <skipped message="Unable to find a matching set of capabilities&#10;Build info: version: &apos;3.141.59&apos;, revision: &apos;e82be7d358&apos;, time: &apos;2018-11-14T08:25:53&apos;&#10;System info: host: &apos;ATMECSINLT-038&apos;, ip: &apos;55.55.52.193&apos;, os.name: &apos;Windows 10&apos;, os.arch: &apos;amd64&apos;, os.version: &apos;10.0&apos;, java.version: &apos;12.0.1&apos;&#10;Driver info: driver.version: unknown&#10;remote stacktrace: &#10;Command duration or timeout: 1.18 seconds"/>
  </testcase>
  <testcase name="validatefooterForPartner" classname="com.atmecs.testScripts.HomePagetestscripts" time="0">
    <skipped message="Unable to find a matching set of capabilities&#10;Build info: version: &apos;3.141.59&apos;, revision: &apos;e82be7d358&apos;, time: &apos;2018-11-14T08:25:53&apos;&#10;System info: host: &apos;ATMECSINLT-038&apos;, ip: &apos;55.55.52.193&apos;, os.name: &apos;Windows 10&apos;, os.arch: &apos;amd64&apos;, os.version: &apos;10.0&apos;, java.version: &apos;12.0.1&apos;&#10;Driver info: driver.version: unknown&#10;remote stacktrace: &#10;Command duration or timeout: 1.18 seconds"/>
  </testcase>
  <testcase name="clickHeaderMedia" classname="com.atmecs.testScripts.HomePagetestscripts" time="0">
    <skipped message="Unable to find a matching set of capabilities&#10;Build info: version: &apos;3.141.59&apos;, revision: &apos;e82be7d358&apos;, time: &apos;2018-11-14T08:25:53&apos;&#10;System info: host: &apos;ATMECSINLT-038&apos;, ip: &apos;55.55.52.193&apos;, os.name: &apos;Windows 10&apos;, os.arch: &apos;amd64&apos;, os.version: &apos;10.0&apos;, java.version: &apos;12.0.1&apos;&#10;Driver info: driver.version: unknown&#10;remote stacktrace: &#10;Command duration or timeout: 1.18 seconds"/>
  </testcase>
  <testcase name="validatefooterForMedia" classname="com.atmecs.testScripts.HomePagetestscripts" time="0">
    <skipped message="Unable to find a matching set of capabilities&#10;Build info: version: &apos;3.141.59&apos;, revision: &apos;e82be7d358&apos;, time: &apos;2018-11-14T08:25:53&apos;&#10;System info: host: &apos;ATMECSINLT-038&apos;, ip: &apos;55.55.52.193&apos;, os.name: &apos;Windows 10&apos;, os.arch: &apos;amd64&apos;, os.version: &apos;10.0&apos;, java.version: &apos;12.0.1&apos;&#10;Driver info: driver.version: unknown&#10;remote stacktrace: &#10;Command duration or timeout: 1.18 seconds"/>
    <system-out><![CDATA[15
1
]]></system-out>
  </testcase>
  <testcase name="validatefooterForMedia" classname="com.atmecs.testScripts.HomePagetestscripts" time="0">
    <skipped message="Unable to find a matching set of capabilities&#10;Build info: version: &apos;3.141.59&apos;, revision: &apos;e82be7d358&apos;, time: &apos;2018-11-14T08:25:53&apos;&#10;System info: host: &apos;ATMECSINLT-038&apos;, ip: &apos;55.55.52.193&apos;, os.name: &apos;Windows 10&apos;, os.arch: &apos;amd64&apos;, os.version: &apos;10.0&apos;, java.version: &apos;12.0.1&apos;&#10;Driver info: driver.version: unknown&#10;remote stacktrace: &#10;Command duration or timeout: 1.18 seconds"/>
  </testcase>
  <testcase name="validatefooterForMedia" classname="com.atmecs.testScripts.HomePagetestscripts" time="0">
    <skipped message="Unable to find a matching set of capabilities&#10;Build info: version: &apos;3.141.59&apos;, revision: &apos;e82be7d358&apos;, time: &apos;2018-11-14T08:25:53&apos;&#10;System info: host: &apos;ATMECSINLT-038&apos;, ip: &apos;55.55.52.193&apos;, os.name: &apos;Windows 10&apos;, os.arch: &apos;amd64&apos;, os.version: &apos;10.0&apos;, java.version: &apos;12.0.1&apos;&#10;Driver info: driver.version: unknown&#10;remote stacktrace: &#10;Command duration or timeout: 1.18 seconds"/>
  </testcase>
  <testcase name="validatefooterForMedia" classname="com.atmecs.testScripts.HomePagetestscripts" time="0">
    <skipped message="Unable to find a matching set of capabilities&#10;Build info: version: &apos;3.141.59&apos;, revision: &apos;e82be7d358&apos;, time: &apos;2018-11-14T08:25:53&apos;&#10;System info: host: &apos;ATMECSINLT-038&apos;, ip: &apos;55.55.52.193&apos;, os.name: &apos;Windows 10&apos;, os.arch: &apos;amd64&apos;, os.version: &apos;10.0&apos;, java.version: &apos;12.0.1&apos;&#10;Driver info: driver.version: unknown&#10;remote stacktrace: &#10;Command duration or timeout: 1.18 seconds"/>
  </testcase>
  <testcase name="validatefooterForMedia" classname="com.atmecs.testScripts.HomePagetestscripts" time="0">
    <skipped message="Unable to find a matching set of capabilities&#10;Build info: version: &apos;3.141.59&apos;, revision: &apos;e82be7d358&apos;, time: &apos;2018-11-14T08:25:53&apos;&#10;System info: host: &apos;ATMECSINLT-038&apos;, ip: &apos;55.55.52.193&apos;, os.name: &apos;Windows 10&apos;, os.arch: &apos;amd64&apos;, os.version: &apos;10.0&apos;, java.version: &apos;12.0.1&apos;&#10;Driver info: driver.version: unknown&#10;remote stacktrace: &#10;Command duration or timeout: 1.18 seconds"/>
  </testcase>
  <testcase name="validatefooterForMedia" classname="com.atmecs.testScripts.HomePagetestscripts" time="0">
    <skipped message="Unable to find a matching set of capabilities&#10;Build info: version: &apos;3.141.59&apos;, revision: &apos;e82be7d358&apos;, time: &apos;2018-11-14T08:25:53&apos;&#10;System info: host: &apos;ATMECSINLT-038&apos;, ip: &apos;55.55.52.193&apos;, os.name: &apos;Windows 10&apos;, os.arch: &apos;amd64&apos;, os.version: &apos;10.0&apos;, java.version: &apos;12.0.1&apos;&#10;Driver info: driver.version: unknown&#10;remote stacktrace: &#10;Command duration or timeout: 1.18 seconds"/>
  </testcase>
  <testcase name="validatefooterForMedia" classname="com.atmecs.testScripts.HomePagetestscripts" time="0">
    <skipped message="Unable to find a matching set of capabilities&#10;Build info: version: &apos;3.141.59&apos;, revision: &apos;e82be7d358&apos;, time: &apos;2018-11-14T08:25:53&apos;&#10;System info: host: &apos;ATMECSINLT-038&apos;, ip: &apos;55.55.52.193&apos;, os.name: &apos;Windows 10&apos;, os.arch: &apos;amd64&apos;, os.version: &apos;10.0&apos;, java.version: &apos;12.0.1&apos;&#10;Driver info: driver.version: unknown&#10;remote stacktrace: &#10;Command duration or timeout: 1.18 seconds"/>
  </testcase>
  <testcase name="validatefooterForMedia" classname="com.atmecs.testScripts.HomePagetestscripts" time="0">
    <skipped message="Unable to find a matching set of capabilities&#10;Build info: version: &apos;3.141.59&apos;, revision: &apos;e82be7d358&apos;, time: &apos;2018-11-14T08:25:53&apos;&#10;System info: host: &apos;ATMECSINLT-038&apos;, ip: &apos;55.55.52.193&apos;, os.name: &apos;Windows 10&apos;, os.arch: &apos;amd64&apos;, os.version: &apos;10.0&apos;, java.version: &apos;12.0.1&apos;&#10;Driver info: driver.version: unknown&#10;remote stacktrace: &#10;Command duration or timeout: 1.18 seconds"/>
  </testcase>
  <testcase name="validatefooterForMedia" classname="com.atmecs.testScripts.HomePagetestscripts" time="0">
    <skipped message="Unable to find a matching set of capabilities&#10;Build info: version: &apos;3.141.59&apos;, revision: &apos;e82be7d358&apos;, time: &apos;2018-11-14T08:25:53&apos;&#10;System info: host: &apos;ATMECSINLT-038&apos;, ip: &apos;55.55.52.193&apos;, os.name: &apos;Windows 10&apos;, os.arch: &apos;amd64&apos;, os.version: &apos;10.0&apos;, java.version: &apos;12.0.1&apos;&#10;Driver info: driver.version: unknown&#10;remote stacktrace: &#10;Command duration or timeout: 1.18 seconds"/>
  </testcase>
  <testcase name="validatefooterForMedia" classname="com.atmecs.testScripts.HomePagetestscripts" time="0">
    <skipped message="Unable to find a matching set of capabilities&#10;Build info: version: &apos;3.141.59&apos;, revision: &apos;e82be7d358&apos;, time: &apos;2018-11-14T08:25:53&apos;&#10;System info: host: &apos;ATMECSINLT-038&apos;, ip: &apos;55.55.52.193&apos;, os.name: &apos;Windows 10&apos;, os.arch: &apos;amd64&apos;, os.version: &apos;10.0&apos;, java.version: &apos;12.0.1&apos;&#10;Driver info: driver.version: unknown&#10;remote stacktrace: &#10;Command duration or timeout: 1.18 seconds"/>
  </testcase>
  <testcase name="validatefooterForMedia" classname="com.atmecs.testScripts.HomePagetestscripts" time="0">
    <skipped message="Unable to find a matching set of capabilities&#10;Build info: version: &apos;3.141.59&apos;, revision: &apos;e82be7d358&apos;, time: &apos;2018-11-14T08:25:53&apos;&#10;System info: host: &apos;ATMECSINLT-038&apos;, ip: &apos;55.55.52.193&apos;, os.name: &apos;Windows 10&apos;, os.arch: &apos;amd64&apos;, os.version: &apos;10.0&apos;, java.version: &apos;12.0.1&apos;&#10;Driver info: driver.version: unknown&#10;remote stacktrace: &#10;Command duration or timeout: 1.18 seconds"/>
  </testcase>
  <testcase name="validatefooterForMedia" classname="com.atmecs.testScripts.HomePagetestscripts" time="0">
    <skipped message="Unable to find a matching set of capabilities&#10;Build info: version: &apos;3.141.59&apos;, revision: &apos;e82be7d358&apos;, time: &apos;2018-11-14T08:25:53&apos;&#10;System info: host: &apos;ATMECSINLT-038&apos;, ip: &apos;55.55.52.193&apos;, os.name: &apos;Windows 10&apos;, os.arch: &apos;amd64&apos;, os.version: &apos;10.0&apos;, java.version: &apos;12.0.1&apos;&#10;Driver info: driver.version: unknown&#10;remote stacktrace: &#10;Command duration or timeout: 1.18 seconds"/>
  </testcase>
  <testcase name="validatefooterForMedia" classname="com.atmecs.testScripts.HomePagetestscripts" time="0">
    <skipped message="Unable to find a matching set of capabilities&#10;Build info: version: &apos;3.141.59&apos;, revision: &apos;e82be7d358&apos;, time: &apos;2018-11-14T08:25:53&apos;&#10;System info: host: &apos;ATMECSINLT-038&apos;, ip: &apos;55.55.52.193&apos;, os.name: &apos;Windows 10&apos;, os.arch: &apos;amd64&apos;, os.version: &apos;10.0&apos;, java.version: &apos;12.0.1&apos;&#10;Driver info: driver.version: unknown&#10;remote stacktrace: &#10;Command duration or timeout: 1.18 seconds"/>
  </testcase>
  <testcase name="validatefooterForMedia" classname="com.atmecs.testScripts.HomePagetestscripts" time="0">
    <skipped message="Unable to find a matching set of capabilities&#10;Build info: version: &apos;3.141.59&apos;, revision: &apos;e82be7d358&apos;, time: &apos;2018-11-14T08:25:53&apos;&#10;System info: host: &apos;ATMECSINLT-038&apos;, ip: &apos;55.55.52.193&apos;, os.name: &apos;Windows 10&apos;, os.arch: &apos;amd64&apos;, os.version: &apos;10.0&apos;, java.version: &apos;12.0.1&apos;&#10;Driver info: driver.version: unknown&#10;remote stacktrace: &#10;Command duration or timeout: 1.18 seconds"/>
  </testcase>
  <testcase name="validatefooterForMedia" classname="com.atmecs.testScripts.HomePagetestscripts" time="0">
    <skipped message="Unable to find a matching set of capabilities&#10;Build info: version: &apos;3.141.59&apos;, revision: &apos;e82be7d358&apos;, time: &apos;2018-11-14T08:25:53&apos;&#10;System info: host: &apos;ATMECSINLT-038&apos;, ip: &apos;55.55.52.193&apos;, os.name: &apos;Windows 10&apos;, os.arch: &apos;amd64&apos;, os.version: &apos;10.0&apos;, java.version: &apos;12.0.1&apos;&#10;Driver info: driver.version: unknown&#10;remote stacktrace: &#10;Command duration or timeout: 1.18 seconds"/>
  </testcase>
  <testcase name="clickContactUs" classname="com.atmecs.testScripts.HomePagetestscripts" time="0">
    <skipped message="Unable to find a matching set of capabilities&#10;Build info: version: &apos;3.141.59&apos;, revision: &apos;e82be7d358&apos;, time: &apos;2018-11-14T08:25:53&apos;&#10;System info: host: &apos;ATMECSINLT-038&apos;, ip: &apos;55.55.52.193&apos;, os.name: &apos;Windows 10&apos;, os.arch: &apos;amd64&apos;, os.version: &apos;10.0&apos;, java.version: &apos;12.0.1&apos;&#10;Driver info: driver.version: unknown&#10;remote stacktrace: &#10;Command duration or timeout: 1.18 seconds"/>
  </testcase>
  <testcase name="validatefooterForContacts" classname="com.atmecs.testScripts.HomePagetestscripts" time="0">
    <skipped message="Unable to find a matching set of capabilities&#10;Build info: version: &apos;3.141.59&apos;, revision: &apos;e82be7d358&apos;, time: &apos;2018-11-14T08:25:53&apos;&#10;System info: host: &apos;ATMECSINLT-038&apos;, ip: &apos;55.55.52.193&apos;, os.name: &apos;Windows 10&apos;, os.arch: &apos;amd64&apos;, os.version: &apos;10.0&apos;, java.version: &apos;12.0.1&apos;&#10;Driver info: driver.version: unknown&#10;remote stacktrace: &#10;Command duration or timeout: 1.18 seconds"/>
    <system-out><![CDATA[15
1
]]></system-out>
  </testcase>
  <testcase name="validatefooterForContacts" classname="com.atmecs.testScripts.HomePagetestscripts" time="0">
    <skipped message="Unable to find a matching set of capabilities&#10;Build info: version: &apos;3.141.59&apos;, revision: &apos;e82be7d358&apos;, time: &apos;2018-11-14T08:25:53&apos;&#10;System info: host: &apos;ATMECSINLT-038&apos;, ip: &apos;55.55.52.193&apos;, os.name: &apos;Windows 10&apos;, os.arch: &apos;amd64&apos;, os.version: &apos;10.0&apos;, java.version: &apos;12.0.1&apos;&#10;Driver info: driver.version: unknown&#10;remote stacktrace: &#10;Command duration or timeout: 1.18 seconds"/>
  </testcase>
  <testcase name="validatefooterForContacts" classname="com.atmecs.testScripts.HomePagetestscripts" time="0">
    <skipped message="Unable to find a matching set of capabilities&#10;Build info: version: &apos;3.141.59&apos;, revision: &apos;e82be7d358&apos;, time: &apos;2018-11-14T08:25:53&apos;&#10;System info: host: &apos;ATMECSINLT-038&apos;, ip: &apos;55.55.52.193&apos;, os.name: &apos;Windows 10&apos;, os.arch: &apos;amd64&apos;, os.version: &apos;10.0&apos;, java.version: &apos;12.0.1&apos;&#10;Driver info: driver.version: unknown&#10;remote stacktrace: &#10;Command duration or timeout: 1.18 seconds"/>
  </testcase>
  <testcase name="validatefooterForContacts" classname="com.atmecs.testScripts.HomePagetestscripts" time="0">
    <skipped message="Unable to find a matching set of capabilities&#10;Build info: version: &apos;3.141.59&apos;, revision: &apos;e82be7d358&apos;, time: &apos;2018-11-14T08:25:53&apos;&#10;System info: host: &apos;ATMECSINLT-038&apos;, ip: &apos;55.55.52.193&apos;, os.name: &apos;Windows 10&apos;, os.arch: &apos;amd64&apos;, os.version: &apos;10.0&apos;, java.version: &apos;12.0.1&apos;&#10;Driver info: driver.version: unknown&#10;remote stacktrace: &#10;Command duration or timeout: 1.18 seconds"/>
  </testcase>
  <testcase name="validatefooterForContacts" classname="com.atmecs.testScripts.HomePagetestscripts" time="0">
    <skipped message="Unable to find a matching set of capabilities&#10;Build info: version: &apos;3.141.59&apos;, revision: &apos;e82be7d358&apos;, time: &apos;2018-11-14T08:25:53&apos;&#10;System info: host: &apos;ATMECSINLT-038&apos;, ip: &apos;55.55.52.193&apos;, os.name: &apos;Windows 10&apos;, os.arch: &apos;amd64&apos;, os.version: &apos;10.0&apos;, java.version: &apos;12.0.1&apos;&#10;Driver info: driver.version: unknown&#10;remote stacktrace: &#10;Command duration or timeout: 1.18 seconds"/>
  </testcase>
  <testcase name="validatefooterForContacts" classname="com.atmecs.testScripts.HomePagetestscripts" time="0">
    <skipped message="Unable to find a matching set of capabilities&#10;Build info: version: &apos;3.141.59&apos;, revision: &apos;e82be7d358&apos;, time: &apos;2018-11-14T08:25:53&apos;&#10;System info: host: &apos;ATMECSINLT-038&apos;, ip: &apos;55.55.52.193&apos;, os.name: &apos;Windows 10&apos;, os.arch: &apos;amd64&apos;, os.version: &apos;10.0&apos;, java.version: &apos;12.0.1&apos;&#10;Driver info: driver.version: unknown&#10;remote stacktrace: &#10;Command duration or timeout: 1.18 seconds"/>
  </testcase>
  <testcase name="validatefooterForContacts" classname="com.atmecs.testScripts.HomePagetestscripts" time="0">
    <skipped message="Unable to find a matching set of capabilities&#10;Build info: version: &apos;3.141.59&apos;, revision: &apos;e82be7d358&apos;, time: &apos;2018-11-14T08:25:53&apos;&#10;System info: host: &apos;ATMECSINLT-038&apos;, ip: &apos;55.55.52.193&apos;, os.name: &apos;Windows 10&apos;, os.arch: &apos;amd64&apos;, os.version: &apos;10.0&apos;, java.version: &apos;12.0.1&apos;&#10;Driver info: driver.version: unknown&#10;remote stacktrace: &#10;Command duration or timeout: 1.18 seconds"/>
  </testcase>
  <testcase name="validatefooterForContacts" classname="com.atmecs.testScripts.HomePagetestscripts" time="0">
    <skipped message="Unable to find a matching set of capabilities&#10;Build info: version: &apos;3.141.59&apos;, revision: &apos;e82be7d358&apos;, time: &apos;2018-11-14T08:25:53&apos;&#10;System info: host: &apos;ATMECSINLT-038&apos;, ip: &apos;55.55.52.193&apos;, os.name: &apos;Windows 10&apos;, os.arch: &apos;amd64&apos;, os.version: &apos;10.0&apos;, java.version: &apos;12.0.1&apos;&#10;Driver info: driver.version: unknown&#10;remote stacktrace: &#10;Command duration or timeout: 1.18 seconds"/>
  </testcase>
  <testcase name="validatefooterForContacts" classname="com.atmecs.testScripts.HomePagetestscripts" time="0">
    <skipped message="Unable to find a matching set of capabilities&#10;Build info: version: &apos;3.141.59&apos;, revision: &apos;e82be7d358&apos;, time: &apos;2018-11-14T08:25:53&apos;&#10;System info: host: &apos;ATMECSINLT-038&apos;, ip: &apos;55.55.52.193&apos;, os.name: &apos;Windows 10&apos;, os.arch: &apos;amd64&apos;, os.version: &apos;10.0&apos;, java.version: &apos;12.0.1&apos;&#10;Driver info: driver.version: unknown&#10;remote stacktrace: &#10;Command duration or timeout: 1.18 seconds"/>
  </testcase>
  <testcase name="validatefooterForContacts" classname="com.atmecs.testScripts.HomePagetestscripts" time="0">
    <skipped message="Unable to find a matching set of capabilities&#10;Build info: version: &apos;3.141.59&apos;, revision: &apos;e82be7d358&apos;, time: &apos;2018-11-14T08:25:53&apos;&#10;System info: host: &apos;ATMECSINLT-038&apos;, ip: &apos;55.55.52.193&apos;, os.name: &apos;Windows 10&apos;, os.arch: &apos;amd64&apos;, os.version: &apos;10.0&apos;, java.version: &apos;12.0.1&apos;&#10;Driver info: driver.version: unknown&#10;remote stacktrace: &#10;Command duration or timeout: 1.18 seconds"/>
  </testcase>
  <testcase name="validatefooterForContacts" classname="com.atmecs.testScripts.HomePagetestscripts" time="0">
    <skipped message="Unable to find a matching set of capabilities&#10;Build info: version: &apos;3.141.59&apos;, revision: &apos;e82be7d358&apos;, time: &apos;2018-11-14T08:25:53&apos;&#10;System info: host: &apos;ATMECSINLT-038&apos;, ip: &apos;55.55.52.193&apos;, os.name: &apos;Windows 10&apos;, os.arch: &apos;amd64&apos;, os.version: &apos;10.0&apos;, java.version: &apos;12.0.1&apos;&#10;Driver info: driver.version: unknown&#10;remote stacktrace: &#10;Command duration or timeout: 1.18 seconds"/>
  </testcase>
  <testcase name="validatefooterForContacts" classname="com.atmecs.testScripts.HomePagetestscripts" time="0">
    <skipped message="Unable to find a matching set of capabilities&#10;Build info: version: &apos;3.141.59&apos;, revision: &apos;e82be7d358&apos;, time: &apos;2018-11-14T08:25:53&apos;&#10;System info: host: &apos;ATMECSINLT-038&apos;, ip: &apos;55.55.52.193&apos;, os.name: &apos;Windows 10&apos;, os.arch: &apos;amd64&apos;, os.version: &apos;10.0&apos;, java.version: &apos;12.0.1&apos;&#10;Driver info: driver.version: unknown&#10;remote stacktrace: &#10;Command duration or timeout: 1.18 seconds"/>
  </testcase>
  <testcase name="validatefooterForContacts" classname="com.atmecs.testScripts.HomePagetestscripts" time="0">
    <skipped message="Unable to find a matching set of capabilities&#10;Build info: version: &apos;3.141.59&apos;, revision: &apos;e82be7d358&apos;, time: &apos;2018-11-14T08:25:53&apos;&#10;System info: host: &apos;ATMECSINLT-038&apos;, ip: &apos;55.55.52.193&apos;, os.name: &apos;Windows 10&apos;, os.arch: &apos;amd64&apos;, os.version: &apos;10.0&apos;, java.version: &apos;12.0.1&apos;&#10;Driver info: driver.version: unknown&#10;remote stacktrace: &#10;Command duration or timeout: 1.18 seconds"/>
  </testcase>
  <testcase name="validatefooterForContacts" classname="com.atmecs.testScripts.HomePagetestscripts" time="0">
    <skipped message="Unable to find a matching set of capabilities&#10;Build info: version: &apos;3.141.59&apos;, revision: &apos;e82be7d358&apos;, time: &apos;2018-11-14T08:25:53&apos;&#10;System info: host: &apos;ATMECSINLT-038&apos;, ip: &apos;55.55.52.193&apos;, os.name: &apos;Windows 10&apos;, os.arch: &apos;amd64&apos;, os.version: &apos;10.0&apos;, java.version: &apos;12.0.1&apos;&#10;Driver info: driver.version: unknown&#10;remote stacktrace: &#10;Command duration or timeout: 1.18 seconds"/>
  </testcase>
  <testcase name="validatefooterForContacts" classname="com.atmecs.testScripts.HomePagetestscripts" time="0">
    <skipped message="Unable to find a matching set of capabilities&#10;Build info: version: &apos;3.141.59&apos;, revision: &apos;e82be7d358&apos;, time: &apos;2018-11-14T08:25:53&apos;&#10;System info: host: &apos;ATMECSINLT-038&apos;, ip: &apos;55.55.52.193&apos;, os.name: &apos;Windows 10&apos;, os.arch: &apos;amd64&apos;, os.version: &apos;10.0&apos;, java.version: &apos;12.0.1&apos;&#10;Driver info: driver.version: unknown&#10;remote stacktrace: &#10;Command duration or timeout: 1.18 seconds"/>
  </testcase>
  <testcase name="clickInsights" classname="com.atmecs.testScripts.HomePagetestscripts" time="0">
    <skipped message="Unable to find a matching set of capabilities&#10;Build info: version: &apos;3.141.59&apos;, revision: &apos;e82be7d358&apos;, time: &apos;2018-11-14T08:25:53&apos;&#10;System info: host: &apos;ATMECSINLT-038&apos;, ip: &apos;55.55.52.193&apos;, os.name: &apos;Windows 10&apos;, os.arch: &apos;amd64&apos;, os.version: &apos;10.0&apos;, java.version: &apos;12.0.1&apos;&#10;Driver info: driver.version: unknown&#10;remote stacktrace: &#10;Command duration or timeout: 1.18 seconds"/>
  </testcase>
  <testcase name="validatefooterForInsights" classname="com.atmecs.testScripts.HomePagetestscripts" time="0">
    <skipped message="Unable to find a matching set of capabilities&#10;Build info: version: &apos;3.141.59&apos;, revision: &apos;e82be7d358&apos;, time: &apos;2018-11-14T08:25:53&apos;&#10;System info: host: &apos;ATMECSINLT-038&apos;, ip: &apos;55.55.52.193&apos;, os.name: &apos;Windows 10&apos;, os.arch: &apos;amd64&apos;, os.version: &apos;10.0&apos;, java.version: &apos;12.0.1&apos;&#10;Driver info: driver.version: unknown&#10;remote stacktrace: &#10;Command duration or timeout: 1.18 seconds"/>
    <system-out><![CDATA[15
1
]]></system-out>
  </testcase>
  <testcase name="validatefooterForInsights" classname="com.atmecs.testScripts.HomePagetestscripts" time="0">
    <skipped message="Unable to find a matching set of capabilities&#10;Build info: version: &apos;3.141.59&apos;, revision: &apos;e82be7d358&apos;, time: &apos;2018-11-14T08:25:53&apos;&#10;System info: host: &apos;ATMECSINLT-038&apos;, ip: &apos;55.55.52.193&apos;, os.name: &apos;Windows 10&apos;, os.arch: &apos;amd64&apos;, os.version: &apos;10.0&apos;, java.version: &apos;12.0.1&apos;&#10;Driver info: driver.version: unknown&#10;remote stacktrace: &#10;Command duration or timeout: 1.18 seconds"/>
  </testcase>
  <testcase name="validatefooterForInsights" classname="com.atmecs.testScripts.HomePagetestscripts" time="0">
    <skipped message="Unable to find a matching set of capabilities&#10;Build info: version: &apos;3.141.59&apos;, revision: &apos;e82be7d358&apos;, time: &apos;2018-11-14T08:25:53&apos;&#10;System info: host: &apos;ATMECSINLT-038&apos;, ip: &apos;55.55.52.193&apos;, os.name: &apos;Windows 10&apos;, os.arch: &apos;amd64&apos;, os.version: &apos;10.0&apos;, java.version: &apos;12.0.1&apos;&#10;Driver info: driver.version: unknown&#10;remote stacktrace: &#10;Command duration or timeout: 1.18 seconds"/>
  </testcase>
  <testcase name="validatefooterForInsights" classname="com.atmecs.testScripts.HomePagetestscripts" time="0">
[...]
  </testcase>
  <testcase name="validatefooterForInsights" classname="com.atmecs.testScripts.HomePagetestscripts" time="0">
    <skipped message="Unable to find a matching set of capabilities&#10;Build info: version: &apos;3.141.59&apos;, revision: &apos;e82be7d358&apos;, time: &apos;2018-11-14T08:25:53&apos;&#10;System info: host: &apos;ATMECSINLT-038&apos;, ip: &apos;55.55.52.193&apos;, os.name: &apos;Windows 10&apos;, os.arch: &apos;amd64&apos;, os.version: &apos;10.0&apos;, java.version: &apos;12.0.1&apos;&#10;Driver info: driver.version: unknown&#10;remote stacktrace: &#10;Command duration or timeout: 1.18 seconds"/>
  </testcase>
  <testcase name="validatefooterForInsights" classname="com.atmecs.testScripts.HomePagetestscripts" time="0">
    <skipped message="Unable to find a matching set of capabilities&#10;Build info: version: &apos;3.141.59&apos;, revision: &apos;e82be7d358&apos;, time: &apos;2018-11-14T08:25:53&apos;&#10;System info: host: &apos;ATMECSINLT-038&apos;, ip: &apos;55.55.52.193&apos;, os.name: &apos;Windows 10&apos;, os.arch: &apos;amd64&apos;, os.version: &apos;10.0&apos;, java.version: &apos;12.0.1&apos;&#10;Driver info: driver.version: unknown&#10;remote stacktrace: &#10;Command duration or timeout: 1.18 seconds"/>
  </testcase>
  <testcase name="print" classname="com.atmecs.testScripts.HomePagetestscripts" time="0">
    <skipped/>
  </testcase>
  <testcase name="intitailizeBrowser" classname="com.atmecs.testScripts.ValidateAnchors" time="7.491">
    <failure message="Unable to find a matching set of capabilities&#10;Build info: version: &apos;3.141.59&apos;, revision: &apos;e82be7d358&apos;, time: &apos;2018-11-14T08:25:53&apos;&#10;System info: host: &apos;ATMECSINLT-038&apos;, ip: &apos;55.55.52.193&apos;, os.name: &apos;Windows 10&apos;, os.arch: &apos;amd64&apos;, os.version: &apos;10.0&apos;, java.version: &apos;12.0.1&apos;&#10;Driver info: driver.version: unknown&#10;remote stacktrace: &#10;Command duration or timeout: 856 milliseconds" type="org.openqa.selenium.SessionNotCreatedException">org.openqa.selenium.SessionNotCreatedException: 
Unable to find a matching set of capabilities
Build info: version: '3.141.59', revision: 'e82be7d358', time: '2018-11-14T08:25:53'
System info: host: 'ATMECSINLT-038', ip: '55.55.52.193', os.name: 'Windows 10', os.arch: 'amd64', os.version: '10.0', java.version: '12.0.1'
Driver info: driver.version: unknown
remote stacktrace: 
Command duration or timeout: 856 milliseconds
Caused by: org.openqa.selenium.SessionNotCreatedException: 
Unable to find a matching set of capabilities
Build info: version: '3.141.59', revision: 'e82be7d358', time: '2018-11-14T08:25:53'
System info: host: 'ATMECSINLT-038', ip: '55.55.52.193', os.name: 'Windows 10', os.arch: 'amd64', os.version: '10.0', java.version: '12.0.1'
Driver info: driver.version: unknown
remote stacktrace: 
Build info: version: '3.141.59', revision: 'e82be7d358', time: '2018-11-14T08:17:03'
System info: host: 'ATMECSINLT-038', ip: '55.55.52.193', os.name: 'Windows 10', os.arch: 'amd64', os.version: '10.0', java.version: '12.0.1'
Driver info: driver.version: unknown
</failure>
    <system-out><![CDATA[Grid connection
]]></system-out>
  </testcase>
  <testcase name="moveToDigitalLife" classname="com.atmecs.testScripts.ValidateAnchors" time="0">
    <skipped message="Unable to find a matching set of capabilities&#10;Build info: version: &apos;3.141.59&apos;, revision: &apos;e82be7d358&apos;, time: &apos;2018-11-14T08:25:53&apos;&#10;System info: host: &apos;ATMECSINLT-038&apos;, ip: &apos;55.55.52.193&apos;, os.name: &apos;Windows 10&apos;, os.arch: &apos;amd64&apos;, os.version: &apos;10.0&apos;, java.version: &apos;12.0.1&apos;&#10;Driver info: driver.version: unknown&#10;remote stacktrace: &#10;Command duration or timeout: 856 milliseconds"/>
  </testcase>
  <testcase name="tearDown" classname="com.atmecs.testScripts.ValidateAnchors" time="0">
    <skipped/>
  </testcase>
  <testcase name="tearDown" classname="com.atmecs.testScripts.ValidateAnchors" time="0">
    <skipped/>
  </testcase>
  <testcase name="tearDown" classname="com.atmecs.testScripts.ValidateAnchors" time="0">
    <skipped/>
  </testcase>
  <testcase name="tearDown" classname="com.atmecs.testScripts.ValidateAnchors" time="0">
    <skipped/>
  </testcase>
  <testcase name="tearDown" classname="com.atmecs.testScripts.ValidateAnchors" time="0">
    <skipped/>
  </testcase>
  <testcase name="tearDown" classname="com.atmecs.testScripts.ValidateAnchors" time="0">
    <skipped/>
  </testcase>
  <testcase name="tearDown" classname="com.atmecs.testScripts.ValidateAnchors" time="0">
    <skipped/>
  </testcase>
  <testcase name="tearDown" classname="com.atmecs.testScripts.ValidateAnchors" time="0">
    <skipped/>
  </testcase>
  <testcase name="tearDown" classname="com.atmecs.testScripts.ValidateAnchors" time="0">
    <skipped/>
  </testcase>
  <testcase name="tearDown" classname="com.atmecs.testScripts.ValidateAnchors" time="0">
    <skipped/>
  </testcase>
  <testcase name="tearDown" classname="com.atmecs.testScripts.ValidateAnchors" time="0">
    <skipped/>
  </testcase>
  <testcase name="tearDown" classname="com.atmecs.testScripts.ValidateAnchors" time="0">
    <skipped/>
  </testcase>
  <testcase name="tearDown" classname="com.atmecs.testScripts.ValidateAnchors" time="0">
    <skipped/>
  </testcase>
  <testcase name="tearDown" classname="com.atmecs.testScripts.ValidateAnchors" time="0">
    <skipped/>
  </testcase>
  <testcase name="isDigitalLifeAnchorPresent" classname="com.atmecs.testScripts.ValidateAnchors" time="0">
    <skipped message="Unable to find a matching set of capabilities&#10;Build info: version: &apos;3.141.59&apos;, revision: &apos;e82be7d358&apos;, time: &apos;2018-11-14T08:25:53&apos;&#10;System info: host: &apos;ATMECSINLT-038&apos;, ip: &apos;55.55.52.193&apos;, os.name: &apos;Windows 10&apos;, os.arch: &apos;amd64&apos;, os.version: &apos;10.0&apos;, java.version: &apos;12.0.1&apos;&#10;Driver info: driver.version: unknown&#10;remote stacktrace: &#10;Command duration or timeout: 856 milliseconds"/>
    <system-out><![CDATA[6
1
]]></system-out>
  </testcase>
  <testcase name="isDigitalLifeAnchorPresent" classname="com.atmecs.testScripts.ValidateAnchors" time="0">
    <skipped message="Unable to find a matching set of capabilities&#10;Build info: version: &apos;3.141.59&apos;, revision: &apos;e82be7d358&apos;, time: &apos;2018-11-14T08:25:53&apos;&#10;System info: host: &apos;ATMECSINLT-038&apos;, ip: &apos;55.55.52.193&apos;, os.name: &apos;Windows 10&apos;, os.arch: &apos;amd64&apos;, os.version: &apos;10.0&apos;, java.version: &apos;12.0.1&apos;&#10;Driver info: driver.version: unknown&#10;remote stacktrace: &#10;Command duration or timeout: 856 milliseconds"/>
  </testcase>
  <testcase name="isDigitalLifeAnchorPresent" classname="com.atmecs.testScripts.ValidateAnchors" time="0">
    <skipped message="Unable to find a matching set of capabilities&#10;Build info: version: &apos;3.141.59&apos;, revision: &apos;e82be7d358&apos;, time: &apos;2018-11-14T08:25:53&apos;&#10;System info: host: &apos;ATMECSINLT-038&apos;, ip: &apos;55.55.52.193&apos;, os.name: &apos;Windows 10&apos;, os.arch: &apos;amd64&apos;, os.version: &apos;10.0&apos;, java.version: &apos;12.0.1&apos;&#10;Driver info: driver.version: unknown&#10;remote stacktrace: &#10;Command duration or timeout: 856 milliseconds"/>
  </testcase>
  <testcase name="isDigitalLifeAnchorPresent" classname="com.atmecs.testScripts.ValidateAnchors" time="0">
    <skipped message="Unable to find a matching set of capabilities&#10;Build info: version: &apos;3.141.59&apos;, revision: &apos;e82be7d358&apos;, time: &apos;2018-11-14T08:25:53&apos;&#10;System info: host: &apos;ATMECSINLT-038&apos;, ip: &apos;55.55.52.193&apos;, os.name: &apos;Windows 10&apos;, os.arch: &apos;amd64&apos;, os.version: &apos;10.0&apos;, java.version: &apos;12.0.1&apos;&#10;Driver info: driver.version: unknown&#10;remote stacktrace: &#10;Command duration or timeout: 856 milliseconds"/>
  </testcase>
  <testcase name="isDigitalLifeAnchorPresent" classname="com.atmecs.testScripts.ValidateAnchors" time="0">
    <skipped message="Unable to find a matching set of capabilities&#10;Build info: version: &apos;3.141.59&apos;, revision: &apos;e82be7d358&apos;, time: &apos;2018-11-14T08:25:53&apos;&#10;System info: host: &apos;ATMECSINLT-038&apos;, ip: &apos;55.55.52.193&apos;, os.name: &apos;Windows 10&apos;, os.arch: &apos;amd64&apos;, os.version: &apos;10.0&apos;, java.version: &apos;12.0.1&apos;&#10;Driver info: driver.version: unknown&#10;remote stacktrace: &#10;Command duration or timeout: 856 milliseconds"/>
  </testcase>
  <testcase name="isDigitalLifeAnchorPresent" classname="com.atmecs.testScripts.ValidateAnchors" time="0">
    <skipped message="Unable to find a matching set of capabilities&#10;Build info: version: &apos;3.141.59&apos;, revision: &apos;e82be7d358&apos;, time: &apos;2018-11-14T08:25:53&apos;&#10;System info: host: &apos;ATMECSINLT-038&apos;, ip: &apos;55.55.52.193&apos;, os.name: &apos;Windows 10&apos;, os.arch: &apos;amd64&apos;, os.version: &apos;10.0&apos;, java.version: &apos;12.0.1&apos;&#10;Driver info: driver.version: unknown&#10;remote stacktrace: &#10;Command duration or timeout: 856 milliseconds"/>
  </testcase>
  <testcase name="moveToInfrastructure" classname="com.atmecs.testScripts.ValidateAnchors" time="0">
    <skipped message="Unable to find a matching set of capabilities&#10;Build info: version: &apos;3.141.59&apos;, revision: &apos;e82be7d358&apos;, time: &apos;2018-11-14T08:25:53&apos;&#10;System info: host: &apos;ATMECSINLT-038&apos;, ip: &apos;55.55.52.193&apos;, os.name: &apos;Windows 10&apos;, os.arch: &apos;amd64&apos;, os.version: &apos;10.0&apos;, java.version: &apos;12.0.1&apos;&#10;Driver info: driver.version: unknown&#10;remote stacktrace: &#10;Command duration or timeout: 856 milliseconds"/>
  </testcase>
  <testcase name="isInfrastructureAnchorPresent" classname="com.atmecs.testScripts.ValidateAnchors" time="0">
    <skipped message="Unable to find a matching set of capabilities&#10;Build info: version: &apos;3.141.59&apos;, revision: &apos;e82be7d358&apos;, time: &apos;2018-11-14T08:25:53&apos;&#10;System info: host: &apos;ATMECSINLT-038&apos;, ip: &apos;55.55.52.193&apos;, os.name: &apos;Windows 10&apos;, os.arch: &apos;amd64&apos;, os.version: &apos;10.0&apos;, java.version: &apos;12.0.1&apos;&#10;Driver info: driver.version: unknown&#10;remote stacktrace: &#10;Command duration or timeout: 856 milliseconds"/>
    <system-out><![CDATA[6
1
]]></system-out>
  </testcase>
  <testcase name="isInfrastructureAnchorPresent" classname="com.atmecs.testScripts.ValidateAnchors" time="0">
    <skipped message="Unable to find a matching set of capabilities&#10;Build info: version: &apos;3.141.59&apos;, revision: &apos;e82be7d358&apos;, time: &apos;2018-11-14T08:25:53&apos;&#10;System info: host: &apos;ATMECSINLT-038&apos;, ip: &apos;55.55.52.193&apos;, os.name: &apos;Windows 10&apos;, os.arch: &apos;amd64&apos;, os.version: &apos;10.0&apos;, java.version: &apos;12.0.1&apos;&#10;Driver info: driver.version: unknown&#10;remote stacktrace: &#10;Command duration or timeout: 856 milliseconds"/>
  </testcase>
  <testcase name="isInfrastructureAnchorPresent" classname="com.atmecs.testScripts.ValidateAnchors" time="0">
    <skipped message="Unable to find a matching set of capabilities&#10;Build info: version: &apos;3.141.59&apos;, revision: &apos;e82be7d358&apos;, time: &apos;2018-11-14T08:25:53&apos;&#10;System info: host: &apos;ATMECSINLT-038&apos;, ip: &apos;55.55.52.193&apos;, os.name: &apos;Windows 10&apos;, os.arch: &apos;amd64&apos;, os.version: &apos;10.0&apos;, java.version: &apos;12.0.1&apos;&#10;Driver info: driver.version: unknown&#10;remote stacktrace: &#10;Command duration or timeout: 856 milliseconds"/>
  </testcase>
  <testcase name="isInfrastructureAnchorPresent" classname="com.atmecs.testScripts.ValidateAnchors" time="0">
    <skipped message="Unable to find a matching set of capabilities&#10;Build info: version: &apos;3.141.59&apos;, revision: &apos;e82be7d358&apos;, time: &apos;2018-11-14T08:25:53&apos;&#10;System info: host: &apos;ATMECSINLT-038&apos;, ip: &apos;55.55.52.193&apos;, os.name: &apos;Windows 10&apos;, os.arch: &apos;amd64&apos;, os.version: &apos;10.0&apos;, java.version: &apos;12.0.1&apos;&#10;Driver info: driver.version: unknown&#10;remote stacktrace: &#10;Command duration or timeout: 856 milliseconds"/>
  </testcase>
  <testcase name="isInfrastructureAnchorPresent" classname="com.atmecs.testScripts.ValidateAnchors" time="0">
    <skipped message="Unable to find a matching set of capabilities&#10;Build info: version: &apos;3.141.59&apos;, revision: &apos;e82be7d358&apos;, time: &apos;2018-11-14T08:25:53&apos;&#10;System info: host: &apos;ATMECSINLT-038&apos;, ip: &apos;55.55.52.193&apos;, os.name: &apos;Windows 10&apos;, os.arch: &apos;amd64&apos;, os.version: &apos;10.0&apos;, java.version: &apos;12.0.1&apos;&#10;Driver info: driver.version: unknown&#10;remote stacktrace: &#10;Command duration or timeout: 856 milliseconds"/>
  </testcase>
  <testcase name="isInfrastructureAnchorPresent" classname="com.atmecs.testScripts.ValidateAnchors" time="0">
    <skipped message="Unable to find a matching set of capabilities&#10;Build info: version: &apos;3.141.59&apos;, revision: &apos;e82be7d358&apos;, time: &apos;2018-11-14T08:25:53&apos;&#10;System info: host: &apos;ATMECSINLT-038&apos;, ip: &apos;55.55.52.193&apos;, os.name: &apos;Windows 10&apos;, os.arch: &apos;amd64&apos;, os.version: &apos;10.0&apos;, java.version: &apos;12.0.1&apos;&#10;Driver info: driver.version: unknown&#10;remote stacktrace: &#10;Command duration or timeout: 856 milliseconds"/>
  </testcase>
  <testcase name="print" classname="com.atmecs.testScripts.ValidateAnchors" time="0">
    <skipped/>
  </testcase>
  <testcase name="intitailizeBrowser" classname="com.atmecs.testScripts.InsightsValidation" time="8.64">
    <failure message="Unable to find a matching set of capabilities&#10;Build info: version: &apos;3.141.59&apos;, revision: &apos;e82be7d358&apos;, time: &apos;2018-11-14T08:25:53&apos;&#10;System info: host: &apos;ATMECSINLT-038&apos;, ip: &apos;55.55.52.193&apos;, os.name: &apos;Windows 10&apos;, os.arch: &apos;amd64&apos;, os.version: &apos;10.0&apos;, java.version: &apos;12.0.1&apos;&#10;Driver info: driver.version: unknown&#10;remote stacktrace: &#10;Command duration or timeout: 732 milliseconds" type="org.openqa.selenium.SessionNotCreatedException">org.openqa.selenium.SessionNotCreatedException: 
Unable to find a matching set of capabilities
Build info: version: '3.141.59', revision: 'e82be7d358', time: '2018-11-14T08:25:53'
System info: host: 'ATMECSINLT-038', ip: '55.55.52.193', os.name: 'Windows 10', os.arch: 'amd64', os.version: '10.0', java.version: '12.0.1'
Driver info: driver.version: unknown
remote stacktrace: 
Command duration or timeout: 732 milliseconds
Caused by: org.openqa.selenium.SessionNotCreatedException: 
Unable to find a matching set of capabilities
Build info: version: '3.141.59', revision: 'e82be7d358', time: '2018-11-14T08:25:53'
System info: host: 'ATMECSINLT-038', ip: '55.55.52.193', os.name: 'Windows 10', os.arch: 'amd64', os.version: '10.0', java.version: '12.0.1'
Driver info: driver.version: unknown
remote stacktrace: 
Build info: version: '3.141.59', revision: 'e82be7d358', time: '2018-11-14T08:17:03'
System info: host: 'ATMECSINLT-038', ip: '55.55.52.193', os.name: 'Windows 10', os.arch: 'amd64', os.version: '10.0', java.version: '12.0.1'
Driver info: driver.version: unknown
</failure>
    <system-out><![CDATA[Grid connection
]]></system-out>
  </testcase>
  <testcase name="anchorRedirection" classname="com.atmecs.testScripts.InsightsValidation" time="0">
    <skipped message="Unable to find a matching set of capabilities&#10;Build info: version: &apos;3.141.59&apos;, revision: &apos;e82be7d358&apos;, time: &apos;2018-11-14T08:25:53&apos;&#10;System info: host: &apos;ATMECSINLT-038&apos;, ip: &apos;55.55.52.193&apos;, os.name: &apos;Windows 10&apos;, os.arch: &apos;amd64&apos;, os.version: &apos;10.0&apos;, java.version: &apos;12.0.1&apos;&#10;Driver info: driver.version: unknown&#10;remote stacktrace: &#10;Command duration or timeout: 732 milliseconds"/>
  </testcase>
  <testcase name="tearDown" classname="com.atmecs.testScripts.InsightsValidation" time="0">
    <skipped/>
  </testcase>
  <testcase name="tearDown" classname="com.atmecs.testScripts.InsightsValidation" time="0">
    <skipped/>
  </testcase>
  <testcase name="tearDown" classname="com.atmecs.testScripts.InsightsValidation" time="0">
    <skipped/>
  </testcase>
  <testcase name="tearDown" classname="com.atmecs.testScripts.InsightsValidation" time="0">
    <skipped/>
  </testcase>
  <testcase name="tearDown" classname="com.atmecs.testScripts.InsightsValidation" time="0">
    <skipped/>
  </testcase>
  <testcase name="validateDate" classname="com.atmecs.testScripts.InsightsValidation" time="0">
    <skipped message="Unable to find a matching set of capabilities&#10;Build info: version: &apos;3.141.59&apos;, revision: &apos;e82be7d358&apos;, time: &apos;2018-11-14T08:25:53&apos;&#10;System info: host: &apos;ATMECSINLT-038&apos;, ip: &apos;55.55.52.193&apos;, os.name: &apos;Windows 10&apos;, os.arch: &apos;amd64&apos;, os.version: &apos;10.0&apos;, java.version: &apos;12.0.1&apos;&#10;Driver info: driver.version: unknown&#10;remote stacktrace: &#10;Command duration or timeout: 732 milliseconds"/>
  </testcase>
  <testcase name="validateTitle" classname="com.atmecs.testScripts.InsightsValidation" time="0">
    <skipped message="Unable to find a matching set of capabilities&#10;Build info: version: &apos;3.141.59&apos;, revision: &apos;e82be7d358&apos;, time: &apos;2018-11-14T08:25:53&apos;&#10;System info: host: &apos;ATMECSINLT-038&apos;, ip: &apos;55.55.52.193&apos;, os.name: &apos;Windows 10&apos;, os.arch: &apos;amd64&apos;, os.version: &apos;10.0&apos;, java.version: &apos;12.0.1&apos;&#10;Driver info: driver.version: unknown&#10;remote stacktrace: &#10;Command duration or timeout: 732 milliseconds"/>
  </testcase>
  <testcase name="validateBreadCrumb" classname="com.atmecs.testScripts.InsightsValidation" time="0">
    <skipped message="Unable to find a matching set of capabilities&#10;Build info: version: &apos;3.141.59&apos;, revision: &apos;e82be7d358&apos;, time: &apos;2018-11-14T08:25:53&apos;&#10;System info: host: &apos;ATMECSINLT-038&apos;, ip: &apos;55.55.52.193&apos;, os.name: &apos;Windows 10&apos;, os.arch: &apos;amd64&apos;, os.version: &apos;10.0&apos;, java.version: &apos;12.0.1&apos;&#10;Driver info: driver.version: unknown&#10;remote stacktrace: &#10;Command duration or timeout: 732 milliseconds"/>
  </testcase>
  <testcase name="validateErrorMsg" classname="com.atmecs.testScripts.InsightsValidation" time="0">
    <skipped message="Unable to find a matching set of capabilities&#10;Build info: version: &apos;3.141.59&apos;, revision: &apos;e82be7d358&apos;, time: &apos;2018-11-14T08:25:53&apos;&#10;System info: host: &apos;ATMECSINLT-038&apos;, ip: &apos;55.55.52.193&apos;, os.name: &apos;Windows 10&apos;, os.arch: &apos;amd64&apos;, os.version: &apos;10.0&apos;, java.version: &apos;12.0.1&apos;&#10;Driver info: driver.version: unknown&#10;remote stacktrace: &#10;Command duration or timeout: 732 milliseconds"/>
  </testcase>
  <testcase name="print" classname="com.atmecs.testScripts.InsightsValidation" time="0">
    <skipped/>
  </testcase>
  <testcase name="endReport" classname="com.atmecs.testScripts.InsightsValidation" time="0">
    <skipped/>
  </testcase>
</testsuite>